\BOOKMARK [0][-]{Doc-Start}{\376\377\000H\000a\000l\000a\000m\000a\000n\000\040\000J\000u\000d\000u\000l}{}% 1
\BOOKMARK [0][-]{Doc-Start}{\376\377\000H\000a\000l\000a\000m\000a\000n\000\040\000P\000e\000r\000s\000e\000t\000u\000j\000u\000a\000n}{}% 2
\BOOKMARK [0][-]{Doc-Start}{\376\377\000H\000a\000l\000a\000m\000a\000n\000\040\000P\000e\000r\000s\000e\000m\000b\000a\000h\000a\000n}{}% 3
\BOOKMARK [0][-]{Doc-Start}{\376\377\000H\000a\000l\000a\000m\000a\000n\000\040\000M\000o\000t\000t\000o}{}% 4
\BOOKMARK [0][-]{chapter*.1}{\376\377\000K\000A\000T\000A\000\040\000P\000E\000N\000G\000A\000N\000T\000A\000R}{}% 5
\BOOKMARK [0][-]{chapter*.4}{\376\377\000I\000N\000T\000I\000S\000A\000R\000I}{}% 6
\BOOKMARK [0][-]{chapter*.4}{\376\377\000A\000B\000S\000T\000R\000A\000C\000T}{}% 7
\BOOKMARK [0][-]{chapter.1}{\376\377\000P\000E\000N\000D\000A\000H\000U\000L\000U\000A\000N}{}% 8
\BOOKMARK [1][-]{section.1.1}{\376\377\000L\000a\000t\000a\000r\000\040\000B\000e\000l\000a\000k\000a\000n\000g\000\040\000M\000a\000s\000a\000l\000a\000h}{chapter.1}% 9
\BOOKMARK [1][-]{section.1.2}{\376\377\000P\000e\000r\000u\000m\000u\000s\000a\000n\000\040\000M\000a\000s\000a\000l\000a\000h}{chapter.1}% 10
\BOOKMARK [1][-]{section.1.3}{\376\377\000T\000u\000j\000u\000a\000n\000\040\000d\000a\000n\000\040\000M\000a\000n\000f\000a\000a\000t\000\040\000P\000e\000n\000e\000l\000i\000t\000i\000a\000n}{chapter.1}% 11
\BOOKMARK [2][-]{subsection.1.3.1}{\376\377\000T\000u\000j\000u\000a\000n}{section.1.3}% 12
\BOOKMARK [2][-]{subsection.1.3.2}{\376\377\000M\000a\000n\000f\000a\000a\000t}{section.1.3}% 13
\BOOKMARK [1][-]{section.1.4}{\376\377\000B\000a\000t\000a\000s\000a\000n\000\040\000M\000a\000s\000a\000l\000a\000h}{chapter.1}% 14
\BOOKMARK [1][-]{section.1.5}{\376\377\000K\000o\000n\000t\000r\000i\000b\000u\000s\000i\000\040\000P\000e\000n\000e\000l\000i\000t\000i\000a\000n}{chapter.1}% 15
\BOOKMARK [0][-]{chapter.2}{\376\377\000T\000I\000N\000J\000A\000U\000A\000N\000\040\000P\000U\000S\000T\000A\000K\000A}{}% 16
\BOOKMARK [0][-]{chapter.3}{\376\377\000L\000A\000N\000D\000A\000S\000A\000N\000\040\000T\000E\000O\000R\000I}{}% 17
\BOOKMARK [1][-]{section.3.1}{\376\377\000D\000e\000e\000p\000\040\000L\000e\000a\000r\000n\000i\000n\000g}{chapter.3}% 18
\BOOKMARK [2][-]{subsection.3.1.1}{\376\377\000C\000o\000n\000v\000o\000l\000u\000t\000i\000o\000n\000a\000l\000\040\000N\000e\000u\000r\000a\000l\000\040\000N\000e\000t\000w\000o\000r\000k\000\040\000\050\000C\000N\000N\000\051}{section.3.1}% 19
\BOOKMARK [2][-]{subsection.3.1.2}{\376\377\000V\000i\000s\000u\000a\000l\000\040\000G\000e\000o\000m\000e\000t\000r\000y\000\040\000G\000r\000o\000u\000p\000\040\000\050\000V\000G\000G\000\051}{section.3.1}% 20
\BOOKMARK [2][-]{subsection.3.1.3}{\376\377\000M\000o\000b\000i\000l\000e\000N\000e\000t}{section.3.1}% 21
\BOOKMARK [2][-]{subsection.3.1.4}{\376\377\000E\000f\000f\000i\000c\000i\000e\000n\000t\000N\000e\000t}{section.3.1}% 22
\BOOKMARK [2][-]{subsection.3.1.5}{\376\377\000T\000a\000b\000T\000r\000a\000n\000s\000f\000o\000r\000m\000e\000r}{section.3.1}% 23
\BOOKMARK [1][-]{section.3.2}{\376\377\000D\000i\000s\000t\000r\000i\000b\000u\000t\000e\000d\000\040\000T\000r\000a\000i\000n\000i\000n\000g}{chapter.3}% 24
\BOOKMARK [1][-]{section.3.3}{\376\377\000F\000e\000d\000e\000r\000a\000t\000e\000d\000\040\000L\000e\000a\000r\000n\000i\000n\000g}{chapter.3}% 25
\BOOKMARK [1][-]{section.3.4}{\376\377\000S\000t\000r\000a\000t\000e\000g\000i\000\040\000A\000g\000r\000e\000g\000a\000s\000i}{chapter.3}% 26
\BOOKMARK [1][-]{section.3.5}{\376\377\000G\000r\000e\000y\000\040\000W\000o\000l\000f\000\040\000O\000p\000t\000i\000m\000i\000z\000a\000t\000i\000o\000n}{chapter.3}% 27
\BOOKMARK [1][-]{section.3.6}{\376\377\000A\000l\000g\000o\000r\000i\000t\000m\000a\000\040\000G\000e\000n\000e\000t\000i\000k}{chapter.3}% 28
\BOOKMARK [1][-]{section.3.7}{\376\377\000E\000v\000a\000l\000u\000a\000s\000i}{chapter.3}% 29
\BOOKMARK [0][-]{chapter.4}{\376\377\000M\000E\000T\000O\000D\000O\000L\000O\000G\000I\000\040\000P\000E\000N\000E\000L\000I\000T\000I\000A\000N}{}% 30
\BOOKMARK [1][-]{section.4.1}{\376\377\000K\000e\000r\000a\000n\000g\000k\000a\000\040\000P\000e\000n\000e\000l\000i\000t\000i\000a\000n\000\040}{chapter.4}% 31
\BOOKMARK [1][-]{section.4.2}{\376\377\000P\000e\000n\000g\000a\000m\000b\000i\000l\000a\000n\000\040\000D\000a\000t\000a}{chapter.4}% 32
\BOOKMARK [2][-]{subsection.4.2.1}{\376\377\000H\000A\000M\0001\0000\0000\0000}{section.4.2}% 33
\BOOKMARK [2][-]{subsection.4.2.2}{\376\377\000B\000C\000N\0002\0000\0000\0000\0000}{section.4.2}% 34
\BOOKMARK [2][-]{subsection.4.2.3}{\376\377\000M\000N\000I\000S\000T}{section.4.2}% 35
\BOOKMARK [2][-]{subsection.4.2.4}{\376\377\000C\000D\000C\000\040\000D\000i\000a\000b\000e\000t\000e\000s\000\040\000H\000e\000a\000l\000t\000h\000\040\000I\000n\000d\000i\000c\000a\000t\000o\000r\000s}{section.4.2}% 36
\BOOKMARK [1][-]{section.4.3}{\376\377\000D\000a\000t\000a\000\040\000P\000r\000e\000p\000r\000o\000c\000e\000s\000s\000i\000n\000g}{chapter.4}% 37
\BOOKMARK [1][-]{section.4.4}{\376\377\000P\000a\000r\000t\000i\000s\000i\000\040\000D\000a\000t\000a\000s\000e\000t}{chapter.4}% 38
\BOOKMARK [1][-]{section.4.5}{\376\377\000A\000u\000g\000m\000e\000n\000t\000a\000s\000i\000\040\000D\000a\000t\000a\000s\000e\000t}{chapter.4}% 39
\BOOKMARK [1][-]{section.4.6}{\376\377\000T\000r\000a\000i\000n\000i\000n\000g\000\040\000D\000e\000e\000p\000\040\000L\000e\000a\000r\000n\000i\000n\000g\000\040\000d\000i\000\040\000K\000l\000i\000e\000n}{chapter.4}% 40
\BOOKMARK [1][-]{section.4.7}{\376\377\000P\000e\000n\000g\000i\000r\000i\000m\000a\000n\000\040\000B\000o\000b\000o\000t\000\040\000k\000e\000\040\000S\000e\000r\000v\000e\000r}{chapter.4}% 41
\BOOKMARK [1][-]{section.4.8}{\376\377\000A\000g\000r\000e\000g\000a\000s\000i\000\040\000S\000e\000r\000v\000e\000r\000\040\000\050\000F\000e\000d\000A\000v\000g\000\051}{chapter.4}% 42
\BOOKMARK [1][-]{section.4.9}{\376\377\000O\000p\000t\000i\000m\000a\000s\000i\000\040\000d\000e\000n\000g\000a\000n\000\040\000M\000e\000t\000a\000h\000e\000u\000r\000i\000s\000t\000i\000k\000\040\000d\000i\000\040\000K\000l\000i\000e\000n}{chapter.4}% 43
\BOOKMARK [2][-]{subsection.4.9.1}{\376\377\000P\000e\000m\000e\000t\000a\000a\000n\000\040\000S\000o\000f\000t\000m\000a\000x}{section.4.9}% 44
\BOOKMARK [2][-]{subsection.4.9.2}{\376\377\000F\000u\000n\000g\000s\000i\000\040\000O\000b\000y\000e\000k\000t\000i\000f\000\040\000O\000p\000t\000i\000m\000a\000s\000i}{section.4.9}% 45
\BOOKMARK [2][-]{subsection.4.9.3}{\376\377\000O\000p\000t\000i\000m\000a\000s\000i\000\040\000d\000e\000n\000g\000a\000n\000\040\000G\000W\000O}{section.4.9}% 46
\BOOKMARK [2][-]{subsection.4.9.4}{\376\377\000O\000p\000t\000i\000m\000a\000s\000i\000\040\000d\000e\000n\000g\000a\000n\000\040\000A\000l\000g\000o\000r\000i\000t\000m\000a\000\040\000G\000e\000n\000e\000t\000i\000k\000\040\000\050\000G\000A\000\051}{section.4.9}% 47
\BOOKMARK [1][-]{section.4.10}{\376\377\000P\000e\000n\000g\000i\000r\000i\000m\000a\000n\000\040\000K\000o\000e\000f\000i\000s\000i\000e\000n\000\040\000A\000d\000a\000p\000t\000i\000f\000\040\000d\000a\000n\000\040\000A\000g\000r\000e\000g\000a\000s\000i\000\040\000k\000e\000\040\000s\000e\000r\000v\000e\000r}{chapter.4}% 48
\BOOKMARK [1][-]{section.4.11}{\376\377\000E\000v\000a\000l\000u\000a\000s\000i}{chapter.4}% 49
\BOOKMARK [1][-]{section.4.12}{\376\377\000J\000a\000d\000w\000a\000l\000\040\000R\000e\000n\000c\000a\000n\000a\000\040\000P\000e\000l\000a\000k\000s\000a\000n\000a\000a\000n\000\040\000P\000e\000n\000e\000l\000i\000t\000i\000a\000n\000\040\000D\000i\000s\000e\000r\000t\000a\000s\000i}{chapter.4}% 50
\BOOKMARK [0][-]{table.caption.28}{\376\377\000D\000A\000F\000T\000A\000R\000\040\000P\000U\000S\000T\000A\000K\000A}{}% 51
