This is pdfTeX, Version 3.141592653-2.6-1.40.27 (TeX Live 2025) (preloaded format=pdflatex 2025.9.11)  18 NOV 2025 23:21
entering extended mode
 restricted \write18 enabled.
 %&-line parsing enabled.
**disertasi.tex
(./disertasi.tex
LaTeX2e <2024-11-01> patch level 2
L3 programming layer <2025-01-18>
(./disertasiMIPA.cls

LaTeX Warning: You have requested document class `disertasiMIPA',
               but the document class provides `disertasiMIPAUGM'.

Document Class: disertasiMIPAUGM 
(/usr/local/texlive/2025/texmf-dist/tex/generic/babel/babel.sty
Package: babel 2025/02/14 v25.4 The multilingual framework for pdfLaTeX, LuaLaT
eX and XeLaTeX
\babel@savecnt=\count196
\U@D=\dimen141
\l@unhyphenated=\language90

(/usr/local/texlive/2025/texmf-dist/tex/generic/babel/txtbabel.def)
\bbl@readstream=\read2
\bbl@dirlevel=\count197

(/usr/local/texlive/2025/texmf-dist/tex/generic/babel-english/english.ldf
Language: english 2017/06/06 v3.3r English support from the babel system
Package babel Info: Hyphen rules for 'canadian' set to \l@english
(babel)             (\language0). Reported on input line 102.
Package babel Info: Hyphen rules for 'australian' set to \l@ukenglish
(babel)             (\language22). Reported on input line 105.
Package babel Info: Hyphen rules for 'newzealand' set to \l@ukenglish
(babel)             (\language22). Reported on input line 108.
)
(/usr/local/texlive/2025/texmf-dist/tex/generic/babel-indonesian/bahasa.ldf
Language: bahasa 2017/02/15 v1.0m Bahasa Indonesia support from the babel syste
m

(/usr/local/texlive/2025/texmf-dist/tex/generic/babel-indonesian/indonesian.ldf
Language: indonesian 2017/02/15 v1.0m Bahasa Indonesia support from the babel s
ystem
)))
(/usr/local/texlive/2025/texmf-dist/tex/generic/babel/locale/en/babel-english.t
ex
Package babel Info: Importing font and identification data for english
(babel)             from babel-en.ini. Reported on input line 11.
) (/usr/local/texlive/2025/texmf-dist/tex/latex/tools/indentfirst.sty
Package: indentfirst 2023/07/02 v1.03 Indent first paragraph (DPC)
)
(/usr/local/texlive/2025/texmf-dist/tex/latex/setspace/setspace.sty
Package: setspace 2022/12/04 v6.7b set line spacing
)
(/usr/local/texlive/2025/texmf-dist/tex/latex/base/fontenc.sty
Package: fontenc 2021/04/29 v2.0v Standard LaTeX package
)
(/usr/local/texlive/2025/texmf-dist/tex/latex/psnfss/times.sty
Package: times 2020/03/25 PSNFSS-v9.3 (SPQR) 
)
(/usr/local/texlive/2025/texmf-dist/tex/latex/graphics/graphicx.sty
Package: graphicx 2021/09/16 v1.2d Enhanced LaTeX Graphics (DPC,SPQR)

(/usr/local/texlive/2025/texmf-dist/tex/latex/graphics/keyval.sty
Package: keyval 2022/05/29 v1.15 key=value parser (DPC)
\KV@toks@=\toks17
)
(/usr/local/texlive/2025/texmf-dist/tex/latex/graphics/graphics.sty
Package: graphics 2024/08/06 v1.4g Standard LaTeX Graphics (DPC,SPQR)

(/usr/local/texlive/2025/texmf-dist/tex/latex/graphics/trig.sty
Package: trig 2023/12/02 v1.11 sin cos tan (DPC)
)
(/usr/local/texlive/2025/texmf-dist/tex/latex/graphics-cfg/graphics.cfg
File: graphics.cfg 2016/06/04 v1.11 sample graphics configuration
)
Package graphics Info: Driver file: pdftex.def on input line 106.

(/usr/local/texlive/2025/texmf-dist/tex/latex/graphics-def/pdftex.def
File: pdftex.def 2024/04/13 v1.2c Graphics/color driver for pdftex
))
\Gin@req@height=\dimen142
\Gin@req@width=\dimen143
)
(/usr/local/texlive/2025/texmf-dist/tex/latex/base/latexsym.sty
Package: latexsym 1998/08/17 v2.2e Standard LaTeX package (lasy symbols)
\symlasy=\mathgroup4
LaTeX Font Info:    Overwriting symbol font `lasy' in version `bold'
(Font)                  U/lasy/m/n --> U/lasy/b/n on input line 52.
)
(/usr/local/texlive/2025/texmf-dist/tex/latex/amsmath/amsmath.sty
Package: amsmath 2024/11/05 v2.17t AMS math features
\@mathmargin=\skip49

For additional information on amsmath, use the `?' option.
(/usr/local/texlive/2025/texmf-dist/tex/latex/amsmath/amstext.sty
Package: amstext 2021/08/26 v2.01 AMS text

(/usr/local/texlive/2025/texmf-dist/tex/latex/amsmath/amsgen.sty
File: amsgen.sty 1999/11/30 v2.0 generic functions
\@emptytoks=\toks18
\ex@=\dimen144
))
(/usr/local/texlive/2025/texmf-dist/tex/latex/amsmath/amsbsy.sty
Package: amsbsy 1999/11/29 v1.2d Bold Symbols
\pmbraise@=\dimen145
)
(/usr/local/texlive/2025/texmf-dist/tex/latex/amsmath/amsopn.sty
Package: amsopn 2022/04/08 v2.04 operator names
)
\inf@bad=\count198
LaTeX Info: Redefining \frac on input line 233.
\uproot@=\count199
\leftroot@=\count266
LaTeX Info: Redefining \overline on input line 398.
LaTeX Info: Redefining \colon on input line 409.
\classnum@=\count267
\DOTSCASE@=\count268
LaTeX Info: Redefining \ldots on input line 495.
LaTeX Info: Redefining \dots on input line 498.
LaTeX Info: Redefining \cdots on input line 619.
\Mathstrutbox@=\box52
\strutbox@=\box53
LaTeX Info: Redefining \big on input line 721.
LaTeX Info: Redefining \Big on input line 722.
LaTeX Info: Redefining \bigg on input line 723.
LaTeX Info: Redefining \Bigg on input line 724.
\big@size=\dimen146
LaTeX Font Info:    Redeclaring font encoding OML on input line 742.
LaTeX Font Info:    Redeclaring font encoding OMS on input line 743.
\macc@depth=\count269
LaTeX Info: Redefining \bmod on input line 904.
LaTeX Info: Redefining \pmod on input line 909.
LaTeX Info: Redefining \smash on input line 939.
LaTeX Info: Redefining \relbar on input line 969.
LaTeX Info: Redefining \Relbar on input line 970.
\c@MaxMatrixCols=\count270
\dotsspace@=\muskip17
\c@parentequation=\count271
\dspbrk@lvl=\count272
\tag@help=\toks19
\row@=\count273
\column@=\count274
\maxfields@=\count275
\andhelp@=\toks20
\eqnshift@=\dimen147
\alignsep@=\dimen148
\tagshift@=\dimen149
\tagwidth@=\dimen150
\totwidth@=\dimen151
\lineht@=\dimen152
\@envbody=\toks21
\multlinegap=\skip50
\multlinetaggap=\skip51
\mathdisplay@stack=\toks22
LaTeX Info: Redefining \[ on input line 2953.
LaTeX Info: Redefining \] on input line 2954.
)
(/usr/local/texlive/2025/texmf-dist/tex/latex/amsfonts/amssymb.sty
Package: amssymb 2013/01/14 v3.01 AMS font symbols

(/usr/local/texlive/2025/texmf-dist/tex/latex/amsfonts/amsfonts.sty
Package: amsfonts 2013/01/14 v3.01 Basic AMSFonts support
\symAMSa=\mathgroup5
\symAMSb=\mathgroup6
LaTeX Font Info:    Redeclaring math symbol \hbar on input line 98.
LaTeX Font Info:    Overwriting math alphabet `\mathfrak' in version `bold'
(Font)                  U/euf/m/n --> U/euf/b/n on input line 106.
))
(/usr/local/texlive/2025/texmf-dist/tex/latex/algorithms/algorithm.sty
Package: algorithm 2009/08/24 v0.1 Document Style `algorithm' - floating enviro
nment

(/usr/local/texlive/2025/texmf-dist/tex/latex/float/float.sty
Package: float 2001/11/08 v1.3d Float enhancements (AL)
\c@float@type=\count276
\float@exts=\toks23
\float@box=\box54
\@float@everytoks=\toks24
\@floatcapt=\box55
)
(/usr/local/texlive/2025/texmf-dist/tex/latex/base/ifthen.sty
Package: ifthen 2024/03/16 v1.1e Standard LaTeX ifthen package (DPC)
)
\@float@every@algorithm=\toks25
\c@algorithm=\count277
)
(/usr/local/texlive/2025/texmf-dist/tex/latex/algorithmicx/algpseudocode.sty
Package: algpseudocode 

(/usr/local/texlive/2025/texmf-dist/tex/latex/algorithmicx/algorithmicx.sty
Package: algorithmicx 2005/04/27 v1.2 Algorithmicx

Document Style algorithmicx 1.2 - a greatly improved `algorithmic' style
\c@ALG@line=\count278
\c@ALG@rem=\count279
\c@ALG@nested=\count280
\ALG@tlm=\skip52
\ALG@thistlm=\skip53
\c@ALG@Lnr=\count281
\c@ALG@blocknr=\count282
\c@ALG@storecount=\count283
\c@ALG@tmpcounter=\count284
\ALG@tmplength=\skip54
)
Document Style - pseudocode environments for use with the `algorithmicx' style
) (/usr/local/texlive/2025/texmf-dist/tex/latex/pdfpages/pdfpages.sty
Package: pdfpages 2025/01/30 v0.6e Insert pages of external PDF documents (AM)

(/usr/local/texlive/2025/texmf-dist/tex/latex/tools/calc.sty
Package: calc 2023/07/08 v4.3 Infix arithmetic (KKT,FJ)
\calc@Acount=\count285
\calc@Bcount=\count286
\calc@Adimen=\dimen153
\calc@Bdimen=\dimen154
\calc@Askip=\skip55
\calc@Bskip=\skip56
LaTeX Info: Redefining \setlength on input line 80.
LaTeX Info: Redefining \addtolength on input line 81.
\calc@Ccount=\count287
\calc@Cskip=\skip57
)
(/usr/local/texlive/2025/texmf-dist/tex/latex/eso-pic/eso-pic.sty
Package: eso-pic 2023/05/03 v3.0c eso-pic (RN)
\ESO@tempdima=\dimen155
\ESO@tempdimb=\dimen156

(/usr/local/texlive/2025/texmf-dist/tex/latex/xcolor/xcolor.sty
Package: xcolor 2024/09/29 v3.02 LaTeX color extensions (UK)

(/usr/local/texlive/2025/texmf-dist/tex/latex/graphics-cfg/color.cfg
File: color.cfg 2016/01/02 v1.6 sample color configuration
)
Package xcolor Info: Driver file: pdftex.def on input line 274.

(/usr/local/texlive/2025/texmf-dist/tex/latex/graphics/mathcolor.ltx)
Package xcolor Info: Model `cmy' substituted by `cmy0' on input line 1349.
Package xcolor Info: Model `hsb' substituted by `rgb' on input line 1353.
Package xcolor Info: Model `RGB' extended on input line 1365.
Package xcolor Info: Model `HTML' substituted by `rgb' on input line 1367.
Package xcolor Info: Model `Hsb' substituted by `hsb' on input line 1368.
Package xcolor Info: Model `tHsb' substituted by `hsb' on input line 1369.
Package xcolor Info: Model `HSB' substituted by `hsb' on input line 1370.
Package xcolor Info: Model `Gray' substituted by `gray' on input line 1371.
Package xcolor Info: Model `wave' substituted by `hsb' on input line 1372.
))
(/usr/local/texlive/2025/texmf-dist/tex/latex/etoolbox/etoolbox.sty
Package: etoolbox 2025/02/11 v2.5l e-TeX tools for LaTeX (JAW)
\etb@tempcnta=\count288
)
\AM@pagewidth=\dimen157
\AM@pageheight=\dimen158
\AM@fboxrule=\dimen159

(/usr/local/texlive/2025/texmf-dist/tex/latex/pdfpages/pppdftex.def
File: pppdftex.def 2025/01/30 v0.6e Pdfpages driver for pdfTeX (AM)
)
\pdfpages@includegraphics@status=\count289
\AM@pagebox=\box56
\AM@global@opts=\toks26
\AM@pagecnt=\count290
\AM@toc@title=\toks27
\AM@lof@heading=\toks28
\c@AM@survey=\count291
\AM@templatesizebox=\box57
)
(/usr/local/texlive/2025/texmf-dist/tex/latex/base/report.cls
Document Class: report 2024/06/29 v1.4n Standard LaTeX document class
(/usr/local/texlive/2025/texmf-dist/tex/latex/base/size12.clo
File: size12.clo 2024/06/29 v1.4n Standard LaTeX file (size option)
)
\c@part=\count292
\c@chapter=\count293
\c@section=\count294
\c@subsection=\count295
\c@subsubsection=\count296
\c@paragraph=\count297
\c@subparagraph=\count298
\c@figure=\count299
\c@table=\count300
\abovecaptionskip=\skip58
\belowcaptionskip=\skip59
\bibindent=\dimen160
)
(/usr/local/texlive/2025/texmf-dist/tex/latex/natbib/natbib.sty
Package: natbib 2010/09/13 8.31b (PWD, AO)
\bibhang=\skip60
\bibsep=\skip61
LaTeX Info: Redefining \cite on input line 694.
\c@NAT@ctr=\count301
)
(/usr/local/texlive/2025/texmf-dist/tex/latex/nomencl/nomencl.sty
Package: nomencl 2021/11/10 v5.6 Nomenclature package

(/usr/local/texlive/2025/texmf-dist/tex/latex/xkeyval/xkeyval.sty
Package: xkeyval 2022/06/16 v2.9 package option processing (HA)

(/usr/local/texlive/2025/texmf-dist/tex/generic/xkeyval/xkeyval.tex
(/usr/local/texlive/2025/texmf-dist/tex/generic/xkeyval/xkvutils.tex
\XKV@toks=\toks29
\XKV@tempa@toks=\toks30
)
\XKV@depth=\count302
File: xkeyval.tex 2014/12/03 v2.7a key=value parser (HA)
))
(/usr/local/texlive/2025/texmf-dist/tex/latex/koma-script/tocbasic.sty
Package: tocbasic 2024/10/24 v3.43 KOMA-Script package (handling toc-files)

(/usr/local/texlive/2025/texmf-dist/tex/latex/koma-script/scrbase.sty
Package: scrbase 2024/10/24 v3.43 KOMA-Script package (KOMA-Script-independent 
basics and keyval usage)

(/usr/local/texlive/2025/texmf-dist/tex/latex/koma-script/scrlfile.sty
Package: scrlfile 2024/10/24 v3.43 KOMA-Script package (file load hooks)

(/usr/local/texlive/2025/texmf-dist/tex/latex/koma-script/scrlfile-hook.sty
Package: scrlfile-hook 2024/10/24 v3.43 KOMA-Script package (using LaTeX hooks)


(/usr/local/texlive/2025/texmf-dist/tex/latex/koma-script/scrlogo.sty
Package: scrlogo 2024/10/24 v3.43 KOMA-Script package (logo)
)))
Applying: [2021/05/01] Usage of raw or classic option list on input line 254.
Already applied: [0000/00/00] Usage of raw or classic option list on input line
 370.
)
\scr@dte@tocline@numberwidth=\skip62
\scr@dte@tocline@numbox=\box58
)
Package tocbasic Info: setting babel extension for `nlo' on input line 187.
Package tocbasic Info: setting babel extension for `nls' on input line 188.
\nomlabelwidth=\dimen161
\nom@tempdim=\dimen162
\nomitemsep=\skip63
)
\@glossaryfile=\write3
\openout3 = `disertasi.glo'.


Writing glossary file disertasi.glo 
) (/usr/local/texlive/2025/texmf-dist/tex/latex/pdflscape/pdflscape.sty
Package: pdflscape 2022-10-27 v0.13 Display of landscape pages in PDF

(/usr/local/texlive/2025/texmf-dist/tex/latex/pdflscape/pdflscape-nometadata.st
y
Package: pdflscape-nometadata 2022-10-28 v0.13 Display of landscape pages in PD
F (HO)
 (/usr/local/texlive/2025/texmf-dist/tex/generic/iftex/iftex.sty
Package: iftex 2024/12/12 v1.0g TeX engine tests
)
(/usr/local/texlive/2025/texmf-dist/tex/latex/graphics/lscape.sty
Package: lscape 2020/05/28 v3.02 Landscape Pages (DPC)
)
Package pdflscape Info: Auto-detected driver: pdftex on input line 81.
))
(/usr/local/texlive/2025/texmf-dist/tex/latex/pgf/frontendlayer/tikz.sty
(/usr/local/texlive/2025/texmf-dist/tex/latex/pgf/basiclayer/pgf.sty
(/usr/local/texlive/2025/texmf-dist/tex/latex/pgf/utilities/pgfrcs.sty
(/usr/local/texlive/2025/texmf-dist/tex/generic/pgf/utilities/pgfutil-common.te
x
\pgfutil@everybye=\toks31
\pgfutil@tempdima=\dimen163
\pgfutil@tempdimb=\dimen164
)
(/usr/local/texlive/2025/texmf-dist/tex/generic/pgf/utilities/pgfutil-latex.def
\pgfutil@abb=\box59
) (/usr/local/texlive/2025/texmf-dist/tex/generic/pgf/utilities/pgfrcs.code.tex
(/usr/local/texlive/2025/texmf-dist/tex/generic/pgf/pgf.revision.tex)
Package: pgfrcs 2023-01-15 v3.1.10 (3.1.10)
))
Package: pgf 2023-01-15 v3.1.10 (3.1.10)

(/usr/local/texlive/2025/texmf-dist/tex/latex/pgf/basiclayer/pgfcore.sty
(/usr/local/texlive/2025/texmf-dist/tex/latex/pgf/systemlayer/pgfsys.sty
(/usr/local/texlive/2025/texmf-dist/tex/generic/pgf/systemlayer/pgfsys.code.tex
Package: pgfsys 2023-01-15 v3.1.10 (3.1.10)
(/usr/local/texlive/2025/texmf-dist/tex/generic/pgf/utilities/pgfkeys.code.tex
\pgfkeys@pathtoks=\toks32
\pgfkeys@temptoks=\toks33

(/usr/local/texlive/2025/texmf-dist/tex/generic/pgf/utilities/pgfkeyslibraryfil
tered.code.tex
\pgfkeys@tmptoks=\toks34
))
\pgf@x=\dimen165
\pgf@y=\dimen166
\pgf@xa=\dimen167
\pgf@ya=\dimen168
\pgf@xb=\dimen169
\pgf@yb=\dimen170
\pgf@xc=\dimen171
\pgf@yc=\dimen172
\pgf@xd=\dimen173
\pgf@yd=\dimen174
\w@pgf@writea=\write4
\r@pgf@reada=\read3
\c@pgf@counta=\count303
\c@pgf@countb=\count304
\c@pgf@countc=\count305
\c@pgf@countd=\count306
\t@pgf@toka=\toks35
\t@pgf@tokb=\toks36
\t@pgf@tokc=\toks37
\pgf@sys@id@count=\count307

(/usr/local/texlive/2025/texmf-dist/tex/generic/pgf/systemlayer/pgf.cfg
File: pgf.cfg 2023-01-15 v3.1.10 (3.1.10)
)
Driver file for pgf: pgfsys-pdftex.def

(/usr/local/texlive/2025/texmf-dist/tex/generic/pgf/systemlayer/pgfsys-pdftex.d
ef
File: pgfsys-pdftex.def 2023-01-15 v3.1.10 (3.1.10)

(/usr/local/texlive/2025/texmf-dist/tex/generic/pgf/systemlayer/pgfsys-common-p
df.def
File: pgfsys-common-pdf.def 2023-01-15 v3.1.10 (3.1.10)
)))
(/usr/local/texlive/2025/texmf-dist/tex/generic/pgf/systemlayer/pgfsyssoftpath.
code.tex
File: pgfsyssoftpath.code.tex 2023-01-15 v3.1.10 (3.1.10)
\pgfsyssoftpath@smallbuffer@items=\count308
\pgfsyssoftpath@bigbuffer@items=\count309
)
(/usr/local/texlive/2025/texmf-dist/tex/generic/pgf/systemlayer/pgfsysprotocol.
code.tex
File: pgfsysprotocol.code.tex 2023-01-15 v3.1.10 (3.1.10)
))
(/usr/local/texlive/2025/texmf-dist/tex/generic/pgf/basiclayer/pgfcore.code.tex
Package: pgfcore 2023-01-15 v3.1.10 (3.1.10)
(/usr/local/texlive/2025/texmf-dist/tex/generic/pgf/math/pgfmath.code.tex
(/usr/local/texlive/2025/texmf-dist/tex/generic/pgf/math/pgfmathutil.code.tex)
(/usr/local/texlive/2025/texmf-dist/tex/generic/pgf/math/pgfmathparser.code.tex
\pgfmath@dimen=\dimen175
\pgfmath@count=\count310
\pgfmath@box=\box60
\pgfmath@toks=\toks38
\pgfmath@stack@operand=\toks39
\pgfmath@stack@operation=\toks40
)
(/usr/local/texlive/2025/texmf-dist/tex/generic/pgf/math/pgfmathfunctions.code.
tex)
(/usr/local/texlive/2025/texmf-dist/tex/generic/pgf/math/pgfmathfunctions.basic
.code.tex)
(/usr/local/texlive/2025/texmf-dist/tex/generic/pgf/math/pgfmathfunctions.trigo
nometric.code.tex)
(/usr/local/texlive/2025/texmf-dist/tex/generic/pgf/math/pgfmathfunctions.rando
m.code.tex)
(/usr/local/texlive/2025/texmf-dist/tex/generic/pgf/math/pgfmathfunctions.compa
rison.code.tex)
(/usr/local/texlive/2025/texmf-dist/tex/generic/pgf/math/pgfmathfunctions.base.
code.tex)
(/usr/local/texlive/2025/texmf-dist/tex/generic/pgf/math/pgfmathfunctions.round
.code.tex)
(/usr/local/texlive/2025/texmf-dist/tex/generic/pgf/math/pgfmathfunctions.misc.
code.tex)
(/usr/local/texlive/2025/texmf-dist/tex/generic/pgf/math/pgfmathfunctions.integ
erarithmetics.code.tex)
(/usr/local/texlive/2025/texmf-dist/tex/generic/pgf/math/pgfmathcalc.code.tex)
(/usr/local/texlive/2025/texmf-dist/tex/generic/pgf/math/pgfmathfloat.code.tex
\c@pgfmathroundto@lastzeros=\count311
)) (/usr/local/texlive/2025/texmf-dist/tex/generic/pgf/math/pgfint.code.tex)
(/usr/local/texlive/2025/texmf-dist/tex/generic/pgf/basiclayer/pgfcorepoints.co
de.tex
File: pgfcorepoints.code.tex 2023-01-15 v3.1.10 (3.1.10)
\pgf@picminx=\dimen176
\pgf@picmaxx=\dimen177
\pgf@picminy=\dimen178
\pgf@picmaxy=\dimen179
\pgf@pathminx=\dimen180
\pgf@pathmaxx=\dimen181
\pgf@pathminy=\dimen182
\pgf@pathmaxy=\dimen183
\pgf@xx=\dimen184
\pgf@xy=\dimen185
\pgf@yx=\dimen186
\pgf@yy=\dimen187
\pgf@zx=\dimen188
\pgf@zy=\dimen189
)
(/usr/local/texlive/2025/texmf-dist/tex/generic/pgf/basiclayer/pgfcorepathconst
ruct.code.tex
File: pgfcorepathconstruct.code.tex 2023-01-15 v3.1.10 (3.1.10)
\pgf@path@lastx=\dimen190
\pgf@path@lasty=\dimen191
)
(/usr/local/texlive/2025/texmf-dist/tex/generic/pgf/basiclayer/pgfcorepathusage
.code.tex
File: pgfcorepathusage.code.tex 2023-01-15 v3.1.10 (3.1.10)
\pgf@shorten@end@additional=\dimen192
\pgf@shorten@start@additional=\dimen193
)
(/usr/local/texlive/2025/texmf-dist/tex/generic/pgf/basiclayer/pgfcorescopes.co
de.tex
File: pgfcorescopes.code.tex 2023-01-15 v3.1.10 (3.1.10)
\pgfpic=\box61
\pgf@hbox=\box62
\pgf@layerbox@main=\box63
\pgf@picture@serial@count=\count312
)
(/usr/local/texlive/2025/texmf-dist/tex/generic/pgf/basiclayer/pgfcoregraphicst
ate.code.tex
File: pgfcoregraphicstate.code.tex 2023-01-15 v3.1.10 (3.1.10)
\pgflinewidth=\dimen194
)
(/usr/local/texlive/2025/texmf-dist/tex/generic/pgf/basiclayer/pgfcoretransform
ations.code.tex
File: pgfcoretransformations.code.tex 2023-01-15 v3.1.10 (3.1.10)
\pgf@pt@x=\dimen195
\pgf@pt@y=\dimen196
\pgf@pt@temp=\dimen197
)
(/usr/local/texlive/2025/texmf-dist/tex/generic/pgf/basiclayer/pgfcorequick.cod
e.tex
File: pgfcorequick.code.tex 2023-01-15 v3.1.10 (3.1.10)
)
(/usr/local/texlive/2025/texmf-dist/tex/generic/pgf/basiclayer/pgfcoreobjects.c
ode.tex
File: pgfcoreobjects.code.tex 2023-01-15 v3.1.10 (3.1.10)
)
(/usr/local/texlive/2025/texmf-dist/tex/generic/pgf/basiclayer/pgfcorepathproce
ssing.code.tex
File: pgfcorepathprocessing.code.tex 2023-01-15 v3.1.10 (3.1.10)
)
(/usr/local/texlive/2025/texmf-dist/tex/generic/pgf/basiclayer/pgfcorearrows.co
de.tex
File: pgfcorearrows.code.tex 2023-01-15 v3.1.10 (3.1.10)
\pgfarrowsep=\dimen198
)
(/usr/local/texlive/2025/texmf-dist/tex/generic/pgf/basiclayer/pgfcoreshade.cod
e.tex
File: pgfcoreshade.code.tex 2023-01-15 v3.1.10 (3.1.10)
\pgf@max=\dimen199
\pgf@sys@shading@range@num=\count313
\pgf@shadingcount=\count314
)
(/usr/local/texlive/2025/texmf-dist/tex/generic/pgf/basiclayer/pgfcoreimage.cod
e.tex
File: pgfcoreimage.code.tex 2023-01-15 v3.1.10 (3.1.10)
)
(/usr/local/texlive/2025/texmf-dist/tex/generic/pgf/basiclayer/pgfcoreexternal.
code.tex
File: pgfcoreexternal.code.tex 2023-01-15 v3.1.10 (3.1.10)
\pgfexternal@startupbox=\box64
)
(/usr/local/texlive/2025/texmf-dist/tex/generic/pgf/basiclayer/pgfcorelayers.co
de.tex
File: pgfcorelayers.code.tex 2023-01-15 v3.1.10 (3.1.10)
)
(/usr/local/texlive/2025/texmf-dist/tex/generic/pgf/basiclayer/pgfcoretranspare
ncy.code.tex
File: pgfcoretransparency.code.tex 2023-01-15 v3.1.10 (3.1.10)
)
(/usr/local/texlive/2025/texmf-dist/tex/generic/pgf/basiclayer/pgfcorepatterns.
code.tex
File: pgfcorepatterns.code.tex 2023-01-15 v3.1.10 (3.1.10)
)
(/usr/local/texlive/2025/texmf-dist/tex/generic/pgf/basiclayer/pgfcorerdf.code.
tex
File: pgfcorerdf.code.tex 2023-01-15 v3.1.10 (3.1.10)
)))
(/usr/local/texlive/2025/texmf-dist/tex/generic/pgf/modules/pgfmoduleshapes.cod
e.tex
File: pgfmoduleshapes.code.tex 2023-01-15 v3.1.10 (3.1.10)
\pgfnodeparttextbox=\box65
)
(/usr/local/texlive/2025/texmf-dist/tex/generic/pgf/modules/pgfmoduleplot.code.
tex
File: pgfmoduleplot.code.tex 2023-01-15 v3.1.10 (3.1.10)
)
(/usr/local/texlive/2025/texmf-dist/tex/latex/pgf/compatibility/pgfcomp-version
-0-65.sty
Package: pgfcomp-version-0-65 2023-01-15 v3.1.10 (3.1.10)
\pgf@nodesepstart=\dimen256
\pgf@nodesepend=\dimen257
)
(/usr/local/texlive/2025/texmf-dist/tex/latex/pgf/compatibility/pgfcomp-version
-1-18.sty
Package: pgfcomp-version-1-18 2023-01-15 v3.1.10 (3.1.10)
))
(/usr/local/texlive/2025/texmf-dist/tex/latex/pgf/utilities/pgffor.sty
(/usr/local/texlive/2025/texmf-dist/tex/latex/pgf/utilities/pgfkeys.sty
(/usr/local/texlive/2025/texmf-dist/tex/generic/pgf/utilities/pgfkeys.code.tex)
) (/usr/local/texlive/2025/texmf-dist/tex/latex/pgf/math/pgfmath.sty
(/usr/local/texlive/2025/texmf-dist/tex/generic/pgf/math/pgfmath.code.tex))
(/usr/local/texlive/2025/texmf-dist/tex/generic/pgf/utilities/pgffor.code.tex
Package: pgffor 2023-01-15 v3.1.10 (3.1.10)
\pgffor@iter=\dimen258
\pgffor@skip=\dimen259
\pgffor@stack=\toks41
\pgffor@toks=\toks42
))
(/usr/local/texlive/2025/texmf-dist/tex/generic/pgf/frontendlayer/tikz/tikz.cod
e.tex
Package: tikz 2023-01-15 v3.1.10 (3.1.10)

(/usr/local/texlive/2025/texmf-dist/tex/generic/pgf/libraries/pgflibraryplothan
dlers.code.tex
File: pgflibraryplothandlers.code.tex 2023-01-15 v3.1.10 (3.1.10)
\pgf@plot@mark@count=\count315
\pgfplotmarksize=\dimen260
)
\tikz@lastx=\dimen261
\tikz@lasty=\dimen262
\tikz@lastxsaved=\dimen263
\tikz@lastysaved=\dimen264
\tikz@lastmovetox=\dimen265
\tikz@lastmovetoy=\dimen266
\tikzleveldistance=\dimen267
\tikzsiblingdistance=\dimen268
\tikz@figbox=\box66
\tikz@figbox@bg=\box67
\tikz@tempbox=\box68
\tikz@tempbox@bg=\box69
\tikztreelevel=\count316
\tikznumberofchildren=\count317
\tikznumberofcurrentchild=\count318
\tikz@fig@count=\count319

(/usr/local/texlive/2025/texmf-dist/tex/generic/pgf/modules/pgfmodulematrix.cod
e.tex
File: pgfmodulematrix.code.tex 2023-01-15 v3.1.10 (3.1.10)
\pgfmatrixcurrentrow=\count320
\pgfmatrixcurrentcolumn=\count321
\pgf@matrix@numberofcolumns=\count322
)
\tikz@expandcount=\count323

(/usr/local/texlive/2025/texmf-dist/tex/generic/pgf/frontendlayer/tikz/librarie
s/tikzlibrarytopaths.code.tex
File: tikzlibrarytopaths.code.tex 2023-01-15 v3.1.10 (3.1.10)
)))
(/usr/local/texlive/2025/texmf-dist/tex/generic/pgf/frontendlayer/tikz/librarie
s/tikzlibrarypositioning.code.tex
File: tikzlibrarypositioning.code.tex 2023-01-15 v3.1.10 (3.1.10)
)
(/usr/local/texlive/2025/texmf-dist/tex/generic/pgf/frontendlayer/tikz/librarie
s/tikzlibraryshapes.geometric.code.tex
File: tikzlibraryshapes.geometric.code.tex 2023-01-15 v3.1.10 (3.1.10)

(/usr/local/texlive/2025/texmf-dist/tex/generic/pgf/libraries/shapes/pgflibrary
shapes.geometric.code.tex
File: pgflibraryshapes.geometric.code.tex 2023-01-15 v3.1.10 (3.1.10)
))
(/usr/local/texlive/2025/texmf-dist/tex/latex/booktabs/booktabs.sty
Package: booktabs 2020/01/12 v1.61803398 Publication quality tables
\heavyrulewidth=\dimen269
\lightrulewidth=\dimen270
\cmidrulewidth=\dimen271
\belowrulesep=\dimen272
\belowbottomsep=\dimen273
\aboverulesep=\dimen274
\abovetopsep=\dimen275
\cmidrulesep=\dimen276
\cmidrulekern=\dimen277
\defaultaddspace=\dimen278
\@cmidla=\count324
\@cmidlb=\count325
\@aboverulesep=\dimen279
\@belowrulesep=\dimen280
\@thisruleclass=\count326
\@lastruleclass=\count327
\@thisrulewidth=\dimen281
)
(/usr/local/texlive/2025/texmf-dist/tex/latex/tools/tabularx.sty
Package: tabularx 2023/12/11 v2.12a `tabularx' package (DPC)

(/usr/local/texlive/2025/texmf-dist/tex/latex/tools/array.sty
Package: array 2024/10/17 v2.6g Tabular extension package (FMi)
\col@sep=\dimen282
\ar@mcellbox=\box70
\extrarowheight=\dimen283
\NC@list=\toks43
\extratabsurround=\skip64
\backup@length=\skip65
\ar@cellbox=\box71
)
\TX@col@width=\dimen284
\TX@old@table=\dimen285
\TX@old@col=\dimen286
\TX@target=\dimen287
\TX@delta=\dimen288
\TX@cols=\count328
\TX@ftn=\toks44
)
(/usr/local/texlive/2025/texmf-dist/tex/latex/tools/longtable.sty
Package: longtable 2024-10-27 v4.22 Multi-page Table package (DPC)
\LTleft=\skip66
\LTright=\skip67
\LTpre=\skip68
\LTpost=\skip69
\LTchunksize=\count329
\LTcapwidth=\dimen289
\LT@head=\box72
\LT@firsthead=\box73
\LT@foot=\box74
\LT@lastfoot=\box75
\LT@gbox=\box76
\LT@cols=\count330
\LT@rows=\count331
\c@LT@tables=\count332
\c@LT@chunks=\count333
\LT@p@ftn=\toks45
)
(/usr/local/texlive/2025/texmf-dist/tex/latex/ragged2e/ragged2e.sty
Package: ragged2e 2023/06/22 v3.6 ragged2e Package
\CenteringLeftskip=\skip70
\RaggedLeftLeftskip=\skip71
\RaggedRightLeftskip=\skip72
\CenteringRightskip=\skip73
\RaggedLeftRightskip=\skip74
\RaggedRightRightskip=\skip75
\CenteringParfillskip=\skip76
\RaggedLeftParfillskip=\skip77
\RaggedRightParfillskip=\skip78
\JustifyingParfillskip=\skip79
\CenteringParindent=\skip80
\RaggedLeftParindent=\skip81
\RaggedRightParindent=\skip82
\JustifyingParindent=\skip83
)
(/usr/local/texlive/2025/texmf-dist/tex/latex/lipsum/lipsum.sty
(/usr/local/texlive/2025/texmf-dist/tex/latex/l3packages/l3keys2e/l3keys2e.sty
(/usr/local/texlive/2025/texmf-dist/tex/latex/l3kernel/expl3.sty
Package: expl3 2025-01-18 L3 programming layer (loader) 

(/usr/local/texlive/2025/texmf-dist/tex/latex/l3backend/l3backend-pdftex.def
File: l3backend-pdftex.def 2024-05-08 L3 backend support: PDF output (pdfTeX)
\l__color_backend_stack_int=\count334
\l__pdf_internal_box=\box77
))
Package: l3keys2e 2024-08-16 LaTeX2e option processing using LaTeX3 keys
)
Package: lipsum 2021-09-20 v2.7 150 paragraphs of Lorem Ipsum dummy text
\g__lipsum_par_int=\count335
\l__lipsum_a_int=\count336
\l__lipsum_b_int=\count337
(/usr/local/texlive/2025/texmf-dist/tex/latex/lipsum/lipsum.ltd.tex))
(/usr/local/texlive/2025/texmf-dist/tex/latex/hyperref/hyperref.sty
Package: hyperref 2024-11-05 v7.01l Hypertext links for LaTeX

(/usr/local/texlive/2025/texmf-dist/tex/latex/kvsetkeys/kvsetkeys.sty
Package: kvsetkeys 2022-10-05 v1.19 Key value parser (HO)
)
(/usr/local/texlive/2025/texmf-dist/tex/generic/kvdefinekeys/kvdefinekeys.sty
Package: kvdefinekeys 2019-12-19 v1.6 Define keys (HO)
)
(/usr/local/texlive/2025/texmf-dist/tex/generic/pdfescape/pdfescape.sty
Package: pdfescape 2019/12/09 v1.15 Implements pdfTeX's escape features (HO)

(/usr/local/texlive/2025/texmf-dist/tex/generic/ltxcmds/ltxcmds.sty
Package: ltxcmds 2023-12-04 v1.26 LaTeX kernel commands for general use (HO)
)
(/usr/local/texlive/2025/texmf-dist/tex/generic/pdftexcmds/pdftexcmds.sty
Package: pdftexcmds 2020-06-27 v0.33 Utility functions of pdfTeX for LuaTeX (HO
)

(/usr/local/texlive/2025/texmf-dist/tex/generic/infwarerr/infwarerr.sty
Package: infwarerr 2019/12/03 v1.5 Providing info/warning/error messages (HO)
)
Package pdftexcmds Info: \pdf@primitive is available.
Package pdftexcmds Info: \pdf@ifprimitive is available.
Package pdftexcmds Info: \pdfdraftmode found.
))
(/usr/local/texlive/2025/texmf-dist/tex/latex/hycolor/hycolor.sty
Package: hycolor 2020-01-27 v1.10 Color options for hyperref/bookmark (HO)
)
(/usr/local/texlive/2025/texmf-dist/tex/latex/hyperref/nameref.sty
Package: nameref 2023-11-26 v2.56 Cross-referencing by name of section

(/usr/local/texlive/2025/texmf-dist/tex/latex/refcount/refcount.sty
Package: refcount 2019/12/15 v3.6 Data extraction from label references (HO)
)
(/usr/local/texlive/2025/texmf-dist/tex/generic/gettitlestring/gettitlestring.s
ty
Package: gettitlestring 2019/12/15 v1.6 Cleanup title references (HO)
 (/usr/local/texlive/2025/texmf-dist/tex/latex/kvoptions/kvoptions.sty
Package: kvoptions 2022-06-15 v3.15 Key value format for package options (HO)
))
\c@section@level=\count338
)
(/usr/local/texlive/2025/texmf-dist/tex/generic/stringenc/stringenc.sty
Package: stringenc 2019/11/29 v1.12 Convert strings between diff. encodings (HO
)
)
\@linkdim=\dimen290
\Hy@linkcounter=\count339
\Hy@pagecounter=\count340

(/usr/local/texlive/2025/texmf-dist/tex/latex/hyperref/pd1enc.def
File: pd1enc.def 2024-11-05 v7.01l Hyperref: PDFDocEncoding definition (HO)
Now handling font encoding PD1 ...
... no UTF-8 mapping file for font encoding PD1
)
(/usr/local/texlive/2025/texmf-dist/tex/generic/intcalc/intcalc.sty
Package: intcalc 2019/12/15 v1.3 Expandable calculations with integers (HO)
)
\Hy@SavedSpaceFactor=\count341

(/usr/local/texlive/2025/texmf-dist/tex/latex/hyperref/puenc.def
File: puenc.def 2024-11-05 v7.01l Hyperref: PDF Unicode definition (HO)
Now handling font encoding PU ...
... no UTF-8 mapping file for font encoding PU
)
Package hyperref Info: Hyper figures OFF on input line 4157.
Package hyperref Info: Link nesting OFF on input line 4162.
Package hyperref Info: Hyper index ON on input line 4165.
Package hyperref Info: Plain pages OFF on input line 4172.
Package hyperref Info: Backreferencing OFF on input line 4177.
Package hyperref Info: Implicit mode ON; LaTeX internals redefined.
Package hyperref Info: Bookmarks ON on input line 4424.
\c@Hy@tempcnt=\count342

(/usr/local/texlive/2025/texmf-dist/tex/latex/url/url.sty
\Urlmuskip=\muskip18
Package: url 2013/09/16  ver 3.4  Verb mode for urls, etc.
)
LaTeX Info: Redefining \url on input line 4763.
\XeTeXLinkMargin=\dimen291

(/usr/local/texlive/2025/texmf-dist/tex/generic/bitset/bitset.sty
Package: bitset 2019/12/09 v1.3 Handle bit-vector datatype (HO)

(/usr/local/texlive/2025/texmf-dist/tex/generic/bigintcalc/bigintcalc.sty
Package: bigintcalc 2019/12/15 v1.5 Expandable calculations on big integers (HO
)
))
\Fld@menulength=\count343
\Field@Width=\dimen292
\Fld@charsize=\dimen293
Package hyperref Info: Hyper figures OFF on input line 6042.
Package hyperref Info: Link nesting OFF on input line 6047.
Package hyperref Info: Hyper index ON on input line 6050.
Package hyperref Info: backreferencing OFF on input line 6057.
Package hyperref Info: Link coloring OFF on input line 6062.
Package hyperref Info: Link coloring with OCG OFF on input line 6067.
Package hyperref Info: PDF/A mode OFF on input line 6072.

(/usr/local/texlive/2025/texmf-dist/tex/latex/base/atbegshi-ltx.sty
Package: atbegshi-ltx 2021/01/10 v1.0c Emulation of the original atbegshi
package with kernel methods
)
\Hy@abspage=\count344
\c@Item=\count345
\c@Hfootnote=\count346
)
Package hyperref Info: Driver (autodetected): hpdftex.

(/usr/local/texlive/2025/texmf-dist/tex/latex/hyperref/hpdftex.def
File: hpdftex.def 2024-11-05 v7.01l Hyperref driver for pdfTeX

(/usr/local/texlive/2025/texmf-dist/tex/latex/base/atveryend-ltx.sty
Package: atveryend-ltx 2020/08/19 v1.0a Emulation of the original atveryend pac
kage
with kernel methods
)
\Fld@listcount=\count347
\c@bookmark@seq@number=\count348

(/usr/local/texlive/2025/texmf-dist/tex/latex/rerunfilecheck/rerunfilecheck.sty
Package: rerunfilecheck 2022-07-10 v1.10 Rerun checks for auxiliary files (HO)

(/usr/local/texlive/2025/texmf-dist/tex/generic/uniquecounter/uniquecounter.sty
Package: uniquecounter 2019/12/15 v1.4 Provide unlimited unique counter (HO)
)
Package uniquecounter Info: New unique counter `rerunfilecheck' on input line 2
85.
)
\Hy@SectionHShift=\skip84
)
Package hyperref Info: Option `colorlinks' set `true' on input line 38.
 (/usr/local/texlive/2025/texmf-dist/tex/latex/enumitem/enumitem.sty
Package: enumitem 2025/02/06 v3.11 Customized lists
\labelindent=\skip85
\enit@outerparindent=\dimen294
\enit@toks=\toks46
\enit@inbox=\box78
\enit@count@id=\count349
\enitdp@description=\count350
)
(/usr/local/texlive/2025/texmf-dist/tex/latex/tools/multicol.sty
Package: multicol 2024/09/14 v1.9i multicolumn formatting (FMi)
\c@tracingmulticols=\count351
\mult@box=\box79
\multicol@leftmargin=\dimen295
\c@unbalance=\count352
\c@collectmore=\count353
\doublecol@number=\count354
\multicoltolerance=\count355
\multicolpretolerance=\count356
\full@width=\dimen296
\page@free=\dimen297
\premulticols=\dimen298
\postmulticols=\dimen299
\multicolsep=\skip86
\multicolbaselineskip=\skip87
\partial@page=\box80
\last@line=\box81
\mc@boxedresult=\box82
\maxbalancingoverflow=\dimen300
\mult@rightbox=\box83
\mult@grightbox=\box84
\mult@firstbox=\box85
\mult@gfirstbox=\box86
\@tempa=\box87
\@tempa=\box88
\@tempa=\box89
\@tempa=\box90
\@tempa=\box91
\@tempa=\box92
\@tempa=\box93
\@tempa=\box94
\@tempa=\box95
\@tempa=\box96
\@tempa=\box97
\@tempa=\box98
\@tempa=\box99
\@tempa=\box100
\@tempa=\box101
\@tempa=\box102
\@tempa=\box103
\@tempa=\box104
\@tempa=\box105
\@tempa=\box106
\@tempa=\box107
\@tempa=\box108
\@tempa=\box109
\@tempa=\box110
\@tempa=\box111
\@tempa=\box112
\@tempa=\box113
\@tempa=\box114
\@tempa=\box115
\@tempa=\box116
\@tempa=\box117
\@tempa=\box118
\@tempa=\box119
\@tempa=\box120
\@tempa=\box121
\@tempa=\box122
\c@minrows=\count357
\c@columnbadness=\count358
\c@finalcolumnbadness=\count359
\last@try=\dimen301
\multicolovershoot=\dimen302
\multicolundershoot=\dimen303
\mult@nat@firstbox=\box123
\colbreak@box=\box124
\mc@col@check@num=\count360
)
(/usr/local/texlive/2025/texmf-dist/tex/latex/caption/caption.sty
Package: caption 2023/08/05 v3.6o Customizing captions (AR)

(/usr/local/texlive/2025/texmf-dist/tex/latex/caption/caption3.sty
Package: caption3 2023/07/31 v2.4d caption3 kernel (AR)
\caption@tempdima=\dimen304
\captionmargin=\dimen305
\caption@leftmargin=\dimen306
\caption@rightmargin=\dimen307
\caption@width=\dimen308
\caption@indent=\dimen309
\caption@parindent=\dimen310
\caption@hangindent=\dimen311
Package caption Info: Standard document class detected.
)
\c@caption@flags=\count361
\c@continuedfloat=\count362
Package caption Info: float package is loaded.
Package caption Info: hyperref package is loaded.
Package caption Info: longtable package is loaded.

(/usr/local/texlive/2025/texmf-dist/tex/latex/caption/ltcaption.sty
Package: ltcaption 2021/01/08 v1.4c longtable captions (AR)
))
(/usr/local/texlive/2025/texmf-dist/tex/latex/geometry/geometry.sty
Package: geometry 2020/01/02 v5.9 Page Geometry

(/usr/local/texlive/2025/texmf-dist/tex/generic/iftex/ifvtex.sty
Package: ifvtex 2019/10/25 v1.7 ifvtex legacy package. Use iftex instead.
)
\Gm@cnth=\count363
\Gm@cntv=\count364
\c@Gm@tempcnt=\count365
\Gm@bindingoffset=\dimen312
\Gm@wd@mp=\dimen313
\Gm@odd@mp=\dimen314
\Gm@even@mp=\dimen315
\Gm@layoutwidth=\dimen316
\Gm@layoutheight=\dimen317
\Gm@layouthoffset=\dimen318
\Gm@layoutvoffset=\dimen319
\Gm@dimlist=\toks47
)
(/usr/local/texlive/2025/texmf-dist/tex/latex/listings/listings.sty
\lst@mode=\count366
\lst@gtempboxa=\box125
\lst@token=\toks48
\lst@length=\count367
\lst@currlwidth=\dimen320
\lst@column=\count368
\lst@pos=\count369
\lst@lostspace=\dimen321
\lst@width=\dimen322
\lst@newlines=\count370
\lst@lineno=\count371
\lst@maxwidth=\dimen323

(/usr/local/texlive/2025/texmf-dist/tex/latex/listings/lstpatch.sty
File: lstpatch.sty 2024/09/23 1.10c (Carsten Heinz)
)
(/usr/local/texlive/2025/texmf-dist/tex/latex/listings/lstmisc.sty
File: lstmisc.sty 2024/09/23 1.10c (Carsten Heinz)
\c@lstnumber=\count372
\lst@skipnumbers=\count373
\lst@framebox=\box126
)
(/usr/local/texlive/2025/texmf-dist/tex/latex/listings/listings.cfg
File: listings.cfg 2024/09/23 1.10c listings configuration
))
Package: listings 2024/09/23 1.10c (Carsten Heinz)

(/usr/local/texlive/2025/texmf-dist/tex/latex/makecell/makecell.sty
Package: makecell 2009/08/03 V0.1e Managing of Tab Column Heads and Cells
\rotheadsize=\dimen324
\c@nlinenum=\count374
\TeXr@lab=\toks49
)
(/usr/local/texlive/2025/texmf-dist/tex/latex/placeins/placeins.sty
Package: placeins 2005/04/18  v 2.2
)
(/usr/local/texlive/2025/texmf-dist/tex/latex/multirow/multirow.sty
Package: multirow 2024/11/12 v2.9 Span multiple rows of a table
\multirow@colwidth=\skip88
\multirow@cntb=\count375
\multirow@dima=\skip89
\bigstrutjot=\dimen325
)
(/usr/local/texlive/2025/texmf-dist/tex/latex/colortbl/colortbl.sty
Package: colortbl 2024/07/06 v1.0i Color table columns (DPC)
\everycr=\toks50
\minrowclearance=\skip90
\rownum=\count376
)

! LaTeX Error: Option clash for package geometry.

See the LaTeX manual or LaTeX Companion for explanation.
Type  H <return>  for immediate help.
 ...                                              
                                                  
l.77 \usepackage
                {listings}
The package geometry has already been loaded with options:
  [margin=1cm]
There has now been an attempt to load it with options
  [margin=2cm]
Adding the global options:
  margin=1cm,margin=2cm
to your \documentclass declaration may fix this.
Try typing  <return>  to proceed.

LaTeX Font Info:    Trying to load font information for T1+ptm on input line 14
6.
(/usr/local/texlive/2025/texmf-dist/tex/latex/psnfss/t1ptm.fd
File: t1ptm.fd 2001/06/04 font definitions for T1/ptm.
) (./disertasi.aux

LaTeX Warning: Label `eq:softmax' multiply defined.


LaTeX Warning: Label `eq:tabtransformer_concat' multiply defined.

)
\openout1 = `disertasi.aux'.

LaTeX Font Info:    Checking defaults for OML/cmm/m/it on input line 146.
LaTeX Font Info:    ... okay on input line 146.
LaTeX Font Info:    Checking defaults for OMS/cmsy/m/n on input line 146.
LaTeX Font Info:    ... okay on input line 146.
LaTeX Font Info:    Checking defaults for OT1/cmr/m/n on input line 146.
LaTeX Font Info:    ... okay on input line 146.
LaTeX Font Info:    Checking defaults for T1/cmr/m/n on input line 146.
LaTeX Font Info:    ... okay on input line 146.
LaTeX Font Info:    Checking defaults for TS1/cmr/m/n on input line 146.
LaTeX Font Info:    ... okay on input line 146.
LaTeX Font Info:    Checking defaults for OMX/cmex/m/n on input line 146.
LaTeX Font Info:    ... okay on input line 146.
LaTeX Font Info:    Checking defaults for U/cmr/m/n on input line 146.
LaTeX Font Info:    ... okay on input line 146.
LaTeX Font Info:    Checking defaults for PD1/pdf/m/n on input line 146.
LaTeX Font Info:    ... okay on input line 146.
LaTeX Font Info:    Checking defaults for PU/pdf/m/n on input line 146.
LaTeX Font Info:    ... okay on input line 146.
 (/usr/local/texlive/2025/texmf-dist/tex/context/base/mkii/supp-pdf.mkii
[Loading MPS to PDF converter (version 2006.09.02).]
\scratchcounter=\count377
\scratchdimen=\dimen326
\scratchbox=\box127
\nofMPsegments=\count378
\nofMParguments=\count379
\everyMPshowfont=\toks51
\MPscratchCnt=\count380
\MPscratchDim=\dimen327
\MPnumerator=\count381
\makeMPintoPDFobject=\count382
\everyMPtoPDFconversion=\toks52
) (/usr/local/texlive/2025/texmf-dist/tex/latex/epstopdf-pkg/epstopdf-base.sty
Package: epstopdf-base 2020-01-24 v2.11 Base part for package epstopdf
Package epstopdf-base Info: Redefining graphics rule for `.eps' on input line 4
85.

(/usr/local/texlive/2025/texmf-dist/tex/latex/latexconfig/epstopdf-sys.cfg
File: epstopdf-sys.cfg 2010/07/13 v1.3 Configuration of (r)epstopdf for TeX Liv
e
))
Package hyperref Info: Link coloring ON on input line 146.

(./disertasi.out) (./disertasi.out)
\@outlinefile=\write5
\openout5 = `disertasi.out'.

Package caption Info: Begin \AtBeginDocument code.
Package caption Info: listings package is loaded.
Package caption Info: End \AtBeginDocument code.

*geometry* driver: auto-detecting
*geometry* detected driver: pdftex
*geometry* verbose mode - [ preamble ] result:
* driver: pdftex
* paper: <default>
* layout: <same size as paper>
* layoutoffset:(h,v)=(0.0pt,0.0pt)
* modes: 
* h-part:(L,W,R)=(113.81102pt, 398.3386pt, 85.35826pt)
* v-part:(T,H,B)=(113.81102pt, 645.87756pt, 85.35826pt)
* \paperwidth=597.50787pt
* \paperheight=845.04684pt
* \textwidth=398.3386pt
* \textheight=645.87756pt
* \oddsidemargin=41.54103pt
* \evensidemargin=41.54103pt
* \topmargin=-35.90039pt
* \headheight=12.0pt
* \headsep=65.44142pt
* \topskip=5.1654pt
* \footskip=42.67912pt
* \marginparwidth=0.0pt
* \marginparsep=0.0pt
* \columnsep=10.0pt
* \skip\footins=10.8pt plus 4.0pt minus 2.0pt
* \hoffset=0.0pt
* \voffset=0.0pt
* \mag=1000
* \@twocolumnfalse
* \@twosidefalse
* \@mparswitchfalse
* \@reversemarginfalse
* (1in=72.27pt=25.4mm, 1cm=28.453pt)

\c@lstlisting=\count383
Package tocbasic Info: setting babel extension for `lol' on input line 146.
(./coverawal.tex
LaTeX Info: Redefining \firstsupervisor on input line 29.
LaTeX Info: Redefining \secondsupervisor on input line 30.
<figures/logougm.png, id=208, 110.5731pt x 112.2594pt>
File: figures/logougm.png Graphic file (type png)
<use figures/logougm.png>
Package pdftex.def Info: figures/logougm.png  used on input line 41.
(pdftex.def)             Requested size: 110.57281pt x 112.25911pt.


[1

{/usr/local/texlive/2025/texmf-var/fonts/map/pdftex/updmap/pdftex.map}{/usr/loc
al/texlive/2025/texmf-dist/fonts/enc/dvips/base/8r.enc} <./figures/logougm.png>
]
LaTeX Font Info:    Trying to load font information for U+lasy on input line 42
.
 (/usr/local/texlive/2025/texmf-dist/tex/latex/base/ulasy.fd
File: ulasy.fd 1998/08/17 v2.2e LaTeX symbol font definitions
)
LaTeX Font Info:    Trying to load font information for U+msa on input line 42.


(/usr/local/texlive/2025/texmf-dist/tex/latex/amsfonts/umsa.fd
File: umsa.fd 2013/01/14 v3.01 AMS symbols A
)
LaTeX Font Info:    Trying to load font information for U+msb on input line 42.


(/usr/local/texlive/2025/texmf-dist/tex/latex/amsfonts/umsb.fd
File: umsb.fd 2013/01/14 v3.01 AMS symbols B
)
! Undefined control sequence.
l.44 \declarepage
                 
The control sequence at the end of the top line
of your error message was never \def'ed. If you have
misspelled it (e.g., `\hobx'), type `I' and the correct
spelling (e.g., `I\hbox'). Otherwise just continue,
and I'll forget about whatever was undefined.



[2]

[3

]

[4

])

[5

]

[6] (./disertasi.toc

[7

])
\tf@toc=\write6
\openout6 = `disertasi.toc'.



[8] (./disertasi.lot)
\tf@lot=\write7
\openout7 = `disertasi.lot'.



[9

] (./disertasi.lof)
\tf@lof=\write8
\openout8 = `disertasi.lof'.

 (./Intisari.tex

[10

]

[11

]

[1


]) (./bab1.tex
BAB I.



pdfTeX warning (ext4): destination with the same identifier (name{page.1}) has 
been already used, duplicate ignored
<to be read again> 
                   \relax 
l.14 
      [1


]

[2]

[3]
Underfull \hbox (badness 1163) in paragraph at lines 58--59
[]\T1/ptm/m/n/12 dataset yang di-gu-nak-an ada-lah da-ta-set ci-tra pu-blik ya-
i-tu, HAM10000,
 []



[4]) (./bab2.tex

[5]
BAB II.

Underfull \hbox (badness 1371) in paragraph at lines 94--94
[]|\T1/ptm/m/n/12 Effective Skin Can-cer
 []


Underfull \hbox (badness 10000) in paragraph at lines 94--94
\T1/ptm/m/n/12 Di-ag-no-sis Thro-u-gh
 []


Underfull \hbox (badness 10000) in paragraph at lines 94--94
\T1/ptm/m/n/12 De-ep Con-vo-lu-tio-nal
 []


Underfull \hbox (badness 1377) in paragraph at lines 94--94
\T1/ptm/m/n/12 Ne-u-ral Ne-tworks ([][]Al-
 []


Underfull \hbox (badness 10000) in paragraph at lines 95--95
[]|\T1/ptm/m/n/12 Federated Ave-ra-
 []


Underfull \hbox (badness 3815) in paragraph at lines 106--106
\T1/ptm/m/n/12 Tasks wi-th Fe-de-ra-ted
 []


Underfull \hbox (badness 10000) in paragraph at lines 106--106
\T1/ptm/m/n/12 Le-ar-ning: Con-cep-
 []


Underfull \hbox (badness 10000) in paragraph at lines 106--106
\T1/ptm/m/n/12 ts, Expe-ri-men-ts and
 []


Underfull \hbox (badness 4001) in paragraph at lines 106--106
\T1/ptm/m/n/12 Per-s-pe-cti-ves ([][]Hu dan
 []


Underfull \hbox (badness 10000) in paragraph at lines 107--107
[]|\T1/ptm/m/n/12 Federated Ave-ra-
 []


Underfull \hbox (badness 10000) in paragraph at lines 108--109
[]|\T1/ptm/m/n/12 FL pa-da da-ta-set
 []


Underfull \hbox (badness 1087) in paragraph at lines 108--109
\T1/ptm/m/n/12 HAM10000 de-ngan
 []


Underfull \hbox (badness 10000) in paragraph at lines 112--112
[]|\T1/ptm/m/n/12 Fine-Tuning Ne-twork
 []


Underfull \hbox (badness 1028) in paragraph at lines 112--112
\T1/ptm/m/n/12 in Fe-de-ra-ted Le-ar-ning
 []


Underfull \hbox (badness 2469) in paragraph at lines 112--112
\T1/ptm/m/n/12 for Per-so-na-li-zed Skin
 []


Underfull \hbox (badness 10000) in paragraph at lines 113--113
[]|\T1/ptm/m/n/12 Federated Ave-ra-
 []


Underfull \hbox (badness 10000) in paragraph at lines 113--113
\T1/ptm/m/n/12 ging, APD-Net,
 []


Underfull \hbox (badness 4048) in paragraph at lines 114--115
[]|\T1/ptm/m/n/12 Sistem FL di-kom-
 []


Underfull \hbox (badness 10000) in paragraph at lines 114--115
\T1/ptm/m/n/12 bi-na-sik-an de-ngan
 []


Underfull \hbox (badness 10000) in paragraph at lines 114--115
\T1/ptm/m/n/12 al-go-ri-tma ge-ne-ti-ka
 []


Underfull \hbox (badness 10000) in paragraph at lines 114--115
\T1/ptm/m/n/12 de-ngan aku-ra-si
 []


Underfull \hbox (badness 10000) in paragraph at lines 114--115
\T1/ptm/m/n/12 Derm7pt, ISIC19
 []


Underfull \hbox (badness 3375) in paragraph at lines 119--119
[]|\T1/ptm/m/n/12 Adaptive Expert Mo-
 []


Underfull \hbox (badness 2495) in paragraph at lines 120--121
\T1/ptm/m/n/12 jukk-an pe-ning-kat-an
 []


Underfull \hbox (badness 2980) in paragraph at lines 124--124
\T1/ptm/m/n/12 skin can-cer di-ag-no-sis
 []


Underfull \hbox (badness 10000) in paragraph at lines 124--124
\T1/ptm/m/n/12 and ca-te-go-ri-za-tion
 []


Underfull \hbox (badness 1430) in paragraph at lines 124--124
\T1/ptm/m/n/12 using grey wolf op-ti-
 []


Underfull \hbox (badness 10000) in paragraph at lines 126--127
[]|\T1/ptm/m/n/12 Kombinasi
 []


Underfull \hbox (badness 10000) in paragraph at lines 126--127
\T1/ptm/m/n/12 TNN+GWO da-
 []


Underfull \hbox (badness 10000) in paragraph at lines 130--130
[]|\T1/ptm/m/n/12 HFSL: he-te-ro-ge-ne-i-ty
 []


Underfull \hbox (badness 5563) in paragraph at lines 130--130
\T1/ptm/m/n/12 ting ca-pa-bi-li-ti-es ([][]Wu
 []


Overfull \hbox (7.95813pt too wide) in paragraph at lines 131--131
[]|\T1/ptm/m/n/12 RestNet18+FL+HFSL| 
 []


Underfull \hbox (badness 10000) in paragraph at lines 132--133
[]|\T1/ptm/m/n/12 Klasifikasi da-ta-set
 []


Underfull \hbox (badness 1087) in paragraph at lines 132--133
\T1/ptm/m/n/12 HAM10000 de-ngan
 []


Underfull \hbox (badness 2027) in paragraph at lines 136--136
[]|\T1/ptm/m/n/12 Minimal So-ur-ced and
 []


Underfull \hbox (badness 1924) in paragraph at lines 136--136
\T1/ptm/m/n/12 Li-ghtwe-i-ght Fe-de-ra-ted
 []


Underfull \hbox (badness 2359) in paragraph at lines 136--136
\T1/ptm/m/n/12 dels for Skin Can-cer
 []


Underfull \hbox (badness 10000) in paragraph at lines 136--136
\T1/ptm/m/n/12 De-te-ction ([][]Khu-llar
 []


Underfull \hbox (badness 2359) in paragraph at lines 138--139
[]|\T1/ptm/m/n/12 FL de-ngan aku-ra-si
 []


Underfull \hbox (badness 4279) in paragraph at lines 138--139
\T1/ptm/m/n/12 89.83% un-tuk IID
 []


Underfull \hbox (badness 3623) in paragraph at lines 138--139
\T1/ptm/m/n/12 dan 90.64% un-tuk
 []


Underfull \hbox (badness 10000) in paragraph at lines 142--142
[]|\T1/ptm/m/n/12 Federated ViT: A
 []


Underfull \hbox (badness 3769) in paragraph at lines 142--142
\T1/ptm/m/n/12 Dis-tri-bu-ted De-ep Le-
 []


Underfull \hbox (badness 1205) in paragraph at lines 142--142
\T1/ptm/m/n/12 ar-ning Fra-me-work for
 []


Underfull \hbox (badness 3525) in paragraph at lines 142--142
\T1/ptm/m/n/12 Skin Can-cer Clas-si-fi-
 []


Underfull \hbox (badness 3019) in paragraph at lines 142--142
\T1/ptm/m/n/12 ca-tion ([][]Ju-ne-jo et al.[][],
 []


Underfull \hbox (badness 3396) in paragraph at lines 144--145
[]|\T1/ptm/m/n/12 FL de-ngan da-ta-set
 []


Underfull \hbox (badness 1087) in paragraph at lines 144--145
\T1/ptm/m/n/12 HAM10000 de-ngan
 []


Underfull \hbox (badness 10000) in paragraph at lines 148--148
\T1/ptm/m/n/12 Preserving Fe-de-ra-ted
 []


Underfull \hbox (badness 10000) in paragraph at lines 148--148
\T1/ptm/m/n/12 Le-ar-ning Fra-me-work
 []


Underfull \hbox (badness 10000) in paragraph at lines 148--148
\T1/ptm/m/n/12 for Heterogeneity-
 []


Underfull \hbox (badness 1635) in paragraph at lines 148--148
\T1/ptm/m/n/12 Resilient Skin Can-cer
 []


Underfull \hbox (badness 1337) in paragraph at lines 148--148
\T1/ptm/m/n/12 Di-ag-no-sis ([][]Lin et al.[][],
 []


Underfull \hbox (badness 1087) in paragraph at lines 150--151
[]|\T1/ptm/m/n/12 HAM10000 de-ngan
 []


Underfull \hbox (badness 10000) in paragraph at lines 154--154
[]|\T1/ptm/m/n/12 SkinFLNet: A Fe-
 []


Underfull \hbox (badness 10000) in paragraph at lines 154--154
\T1/ptm/m/n/12 de-ra-ted Le-ar-ning
 []


Underfull \hbox (badness 10000) in paragraph at lines 154--154
\T1/ptm/m/n/12 App-ro-a-ch for Skin
 []


Underfull \hbox (badness 4699) in paragraph at lines 154--154
\T1/ptm/m/n/12 Ima-ges ([][]Sa-ha et al.[][],
 []


Underfull \hbox (badness 10000) in paragraph at lines 155--155
[]|\T1/ptm/m/n/12 FL Den-se-Net169,
 []


Underfull \hbox (badness 10000) in paragraph at lines 155--155
\T1/ptm/m/n/12 VGG16, In-cep-
 []


Underfull \hbox (badness 10000) in paragraph at lines 155--155
\T1/ptm/m/n/12 tionV3, Xcep-tion,
 []


Underfull \hbox (badness 10000) in paragraph at lines 155--155
\T1/ptm/m/n/12 dan In-cep-tio-nRes-
 []


Underfull \hbox (badness 10000) in paragraph at lines 156--157
[]|\T1/ptm/m/n/12 MNIST de-ngan
 []


Underfull \hbox (badness 10000) in paragraph at lines 156--157
\T1/ptm/m/n/12 aku-ra-si 96.1%,
 []


Underfull \hbox (badness 1038) in paragraph at lines 156--157
\T1/ptm/m/n/12 HAM10000 aku-ra-si
 []


Underfull \hbox (badness 10000) in paragraph at lines 160--160
\T1/ptm/m/n/12 me-la-no-ma de-te-ction:
 []


Underfull \hbox (badness 10000) in paragraph at lines 160--160
\T1/ptm/m/n/12 A de-cen-tra-li-zed and
 []


Underfull \hbox (badness 10000) in paragraph at lines 160--160
\T1/ptm/m/n/12 privacy-preserving
 []


Underfull \hbox (badness 7468) in paragraph at lines 160--160
\T1/ptm/m/n/12 app-ro-a-ch using de-ep
 []


Underfull \hbox (badness 5203) in paragraph at lines 160--160
\T1/ptm/m/n/12 le-ar-ning ([][]Din et al.[][],
 []


Underfull \hbox (badness 10000) in paragraph at lines 161--161
[]|\T1/ptm/m/n/12 FedACC en-sem-ble
 []


Underfull \hbox (badness 10000) in paragraph at lines 161--161
\T1/ptm/m/n/12 +Cus-tom CNN
 []


Underfull \hbox (badness 2359) in paragraph at lines 162--163
[]|\T1/ptm/m/n/12 FL de-ngan aku-ra-si
 []

[6

] [7]

[8]
Underfull \hbox (badness 10000) in paragraph at lines 201--201
[]|\T1/ptm/m/n/12 A no-vel pruning-
 []


Underfull \hbox (badness 10000) in paragraph at lines 201--201
\T1/ptm/m/n/12 enhanced hybrid
 []


Underfull \hbox (badness 2707) in paragraph at lines 201--201
\T1/ptm/m/n/12 app-ro-a-ch for effi-ci-ent
 []


Overfull \hbox (1.66483pt too wide) in paragraph at lines 202--202
[]|\T1/ptm/m/n/12 EfficientNetV2B3
 []


Underfull \hbox (badness 10000) in paragraph at lines 202--202
\T1/ptm/m/n/12 LOA un-tuk
 []


Underfull \hbox (badness 4872) in paragraph at lines 208--208
[]|\T1/ptm/m/n/12 Optimization of ne-u-
 []


Underfull \hbox (badness 2478) in paragraph at lines 208--208
\T1/ptm/m/n/12 ma-chi-ne le-ar-ning and
 []


Underfull \hbox (badness 4168) in paragraph at lines 208--208
\T1/ptm/m/n/12 ge-ne-tic al-go-ri-thm for
 []


Underfull \hbox (badness 10000) in paragraph at lines 208--208
\T1/ptm/m/n/12 bo-ron con-cen-tra-tion
 []


Underfull \hbox (badness 10000) in paragraph at lines 208--208
\T1/ptm/m/n/12 me-a-su-re-ment ([][]Das-tje-
 []


Underfull \hbox (badness 10000) in paragraph at lines 214--214
[]|\T1/ptm/m/n/12 Characterization of
 []


Underfull \hbox (badness 1383) in paragraph at lines 214--214
\T1/ptm/m/n/12 ra-tu-re for tun-nel fa-ce
 []


Underfull \hbox (badness 1337) in paragraph at lines 214--214
\T1/ptm/m/n/12 IR-LSTM ([][]Lin et al.[][],
 []


Underfull \hbox (badness 10000) in paragraph at lines 215--215
[]|\T1/ptm/m/n/12 YOLO+IR-
 []


Underfull \hbox (badness 10000) in paragraph at lines 215--215
\T1/ptm/m/n/12 LSTM de-ngan
 []


Underfull \hbox (badness 10000) in paragraph at lines 215--215
\T1/ptm/m/n/12 GWO un-tuk
 []


Underfull \hbox (badness 10000) in paragraph at lines 215--215
\T1/ptm/m/it/12 hyper-pa-ra-me-ter
 []


Underfull \hbox (badness 1406) in paragraph at lines 222--222
[]|\T1/ptm/m/n/12 Enhanced bi-nary grey
 []


Underfull \hbox (badness 4291) in paragraph at lines 222--222
\T1/ptm/m/n/12 wolf op-ti-mi-zer ba-sed
 []


Underfull \hbox (badness 10000) in paragraph at lines 222--222
\T1/ptm/m/n/12 and multi-strategy
 []


Underfull \hbox (badness 10000) in paragraph at lines 222--222
\T1/ptm/m/n/12 for fe-a-tu-re se-le-ction
 []


Underfull \hbox (badness 10000) in paragraph at lines 222--222
\T1/ptm/m/n/12 on high-dimensional
 []


Underfull \hbox (badness 10000) in paragraph at lines 223--223
\T1/ptm/m/it/12 ting \T1/ptm/m/n/12 di-op-ti-ma-si
 []


Underfull \hbox (badness 10000) in paragraph at lines 223--223
\T1/ptm/m/n/12 meng-gu-nak-an
 []


Underfull \hbox (badness 10000) in paragraph at lines 223--223
\T1/ptm/m/n/12 GWO un-tuk
 []


Underfull \hbox (badness 1152) in paragraph at lines 224--225
[]|\T1/ptm/m/n/12 QMEbGWO ada-lah
 []


Underfull \hbox (badness 10000) in paragraph at lines 224--225
\T1/ptm/m/n/12 ction yang aku-rat
 []


Underfull \hbox (badness 2495) in paragraph at lines 230--231
\T1/ptm/m/n/12 jukk-an pe-ning-kat-an
 []


Underfull \hbox (badness 10000) in paragraph at lines 230--231
\T1/ptm/m/n/12 GWO Bi-LSTM
 []


Underfull \hbox (badness 10000) in paragraph at lines 230--231
\T1/ptm/m/n/12 yang di-u-sulk-an
 []


Underfull \hbox (badness 10000) in paragraph at lines 230--231
\T1/ptm/m/n/12 men-ca-pai aku-ra-si
 []


Underfull \hbox (badness 10000) in paragraph at lines 234--234
[]|\T1/ptm/m/n/12 Hybrid ge-ne-tic
 []


Underfull \hbox (badness 10000) in paragraph at lines 234--234
\T1/ptm/m/n/12 algorithms-driven
 []


Underfull \hbox (badness 10000) in paragraph at lines 234--234
\T1/ptm/m/n/12 op-ti-mi-za-tion of ma-
 []


Underfull \hbox (badness 1024) in paragraph at lines 234--234
\T1/ptm/m/n/12 chi-ne le-ar-ning mo-dels
 []


Underfull \hbox (badness 1348) in paragraph at lines 234--234
\T1/ptm/m/n/12 for he-art di-se-a-se pre-
 []


Underfull \hbox (badness 1137) in paragraph at lines 234--234
\T1/ptm/m/n/12 di-ction ([][]Mu-rad et al.[][],
 []


Underfull \hbox (badness 10000) in paragraph at lines 235--235
[]|\T1/ptm/m/n/12 KNN+GA,
 []


Underfull \hbox (badness 10000) in paragraph at lines 236--237
[]|\T1/ptm/m/n/12 Kombinasi
 []


Underfull \hbox (badness 10000) in paragraph at lines 236--237
\T1/ptm/m/n/12 KNN+GA meng-
 []


Underfull \hbox (badness 10000) in paragraph at lines 236--237
\T1/ptm/m/n/12 ha-silk-an aku-ra-si
 []


Underfull \hbox (badness 10000) in paragraph at lines 240--240
[]|\T1/ptm/m/n/12 Genetic al-go-ri-thm
 []


Underfull \hbox (badness 10000) in paragraph at lines 240--240
\T1/ptm/m/n/12 wi-th da-ta au-gmen-
 []


Underfull \hbox (badness 10000) in paragraph at lines 240--240
\T1/ptm/m/n/12 ta-tion for ni-tro-gen
 []


Underfull \hbox (badness 10000) in paragraph at lines 240--240
\T1/ptm/m/n/12 and po-tas-si-um de-fi-
 []


Underfull \hbox (badness 10000) in paragraph at lines 240--240
\T1/ptm/m/n/12 ci-en-cy de-te-ction in
 []


Underfull \hbox (badness 1005) in paragraph at lines 240--240
\T1/ptm/m/n/12 eg-gplant ([][]Jo-shi et al.[][],
 []

! Misplaced \noalign.
\hline ->\noalign 
                  {\ifnum 0=`}\fi \penalty \@M \futurelet \@let@token \LT@@h...
l.243     \hline
                
I expect to see \noalign only after the \cr of
an alignment. Proceed, and I'll ignore this case.

! Misplaced \omit.
\multispan ->\omit 
                   \@multispan 
l.244 
      
I expect to see \omit only after tab marks or the \cr of
an alignment. Proceed, and I'll ignore this case.


Underfull \hbox (badness 3954) in paragraph at lines 242--244
[]|\T1/ptm/m/n/12 Hasil aku-ra-si pen-
 []


Underfull \hbox (badness 1320) in paragraph at lines 242--244
\T1/ptm/m/n/12 de-tek-si-an da-un ter-
 []

! Extra alignment tab has been changed to \cr.
<template> ... width\arrayrulewidth }\endtemplate 
                                                  
l.244 
      
You have given more \span or & marks than there were
in the preamble to the \halign or \valign now in progress.
So I'll assume that you meant to type \cr instead.

[9]

[10]
Underfull \hbox (badness 3375) in paragraph at lines 281--281
[]|\T1/ptm/m/n/12 Adaptive Expert Mo-
 []


Underfull \hbox (badness 10000) in paragraph at lines 282--282
[]|\T1/ptm/m/n/12 FL+MOE+
 []


Underfull \hbox (badness 2495) in paragraph at lines 282--283
\T1/ptm/m/n/12 jukk-an pe-ning-kat-an
 []


Underfull \hbox (badness 4543) in paragraph at lines 298--298
\T1/ptm/m/n/12 ta-ge pro-fi-le imp-ro-ve-
 []


Underfull \hbox (badness 10000) in paragraph at lines 300--301
[]|\T1/ptm/m/n/12 Metode hybrid
 []


Underfull \hbox (badness 10000) in paragraph at lines 300--301
\T1/ptm/m/n/12 GWO-PSO un-tuk
 []


Underfull \hbox (badness 1655) in paragraph at lines 300--301
\T1/ptm/m/n/12 op-ti-ma-si pe-nem-pat-
 []


Underfull \hbox (badness 1558) in paragraph at lines 300--301
\T1/ptm/m/n/12 pa-da sis-tem te-na-ga
 []


Underfull \hbox (badness 10000) in paragraph at lines 300--301
\T1/ptm/m/n/12 lis-trik meng-ha-silk-
 []


Underfull \hbox (badness 10000) in paragraph at lines 300--301
\T1/ptm/m/n/12 an pe-ngu-rang-an
 []


Underfull \hbox (badness 10000) in paragraph at lines 300--301
\T1/ptm/m/n/12 ru-gi da-ya se-be-sar
 []


Underfull \hbox (badness 10000) in paragraph at lines 305--306
\T1/ptm/m/n/12 da-ta-set beb-an lis-
 []


Underfull \hbox (badness 10000) in paragraph at lines 305--306
\T1/ptm/m/n/12 trik meng-gu-nak-an
 []


Underfull \hbox (badness 1205) in paragraph at lines 305--306
\T1/ptm/m/n/12 mo-del LS-TM yang
 []


Underfull \hbox (badness 10000) in paragraph at lines 305--306
\T1/ptm/m/n/12 di-op-ti-ma-si de-ngan
 []


Underfull \hbox (badness 10000) in paragraph at lines 305--306
\T1/ptm/m/n/12 al-go-ri-tma ge-ne-ti-ka
 []


Underfull \hbox (badness 10000) in paragraph at lines 308--308
\T1/ptm/m/n/12 fe-de-ra-ted le-ar-ning
 []


Underfull \hbox (badness 1430) in paragraph at lines 308--308
\T1/ptm/m/n/12 using grey wolf op-ti-
 []


Underfull \hbox (badness 10000) in paragraph at lines 308--308
\T1/ptm/m/n/12 he-al-thca-re IoT de-vi-
 []


Underfull \hbox (badness 10000) in paragraph at lines 309--309
[]|\T1/ptm/m/n/12 DBSCAN +
 []


Underfull \hbox (badness 10000) in paragraph at lines 309--309
\T1/ptm/m/n/12 GWO se-ba-
 []


Underfull \hbox (badness 10000) in paragraph at lines 309--309
\T1/ptm/m/n/12 gai op-ti-ma-si
 []


Underfull \hbox (badness 10000) in paragraph at lines 309--310
[]|\T1/ptm/m/n/12 Pemilihan kli-en
 []


Underfull \hbox (badness 10000) in paragraph at lines 309--310
\T1/ptm/m/n/12 de-ngan clus-te-ring.
 []


Underfull \hbox (badness 10000) in paragraph at lines 309--310
\T1/ptm/m/n/12 Al-go-ri-tma GWO-
 []


Underfull \hbox (badness 10000) in paragraph at lines 309--310
\T1/ptm/m/n/12 CFL meng-ha-silk-an
 []


Underfull \hbox (badness 1708) in paragraph at lines 309--310
\T1/ptm/m/n/12 aku-ra-si 89.55 pa-da
 []


Underfull \hbox (badness 10000) in paragraph at lines 313--313
[]|\T1/ptm/m/n/12 Federated le-ar-ning
 []


Underfull \hbox (badness 10000) in paragraph at lines 313--313
\T1/ptm/m/n/12 and GWO-enabled
 []


Underfull \hbox (badness 10000) in paragraph at lines 313--313
\T1/ptm/m/n/12 consumer-centric he-
 []


Underfull \hbox (badness 10000) in paragraph at lines 313--313
\T1/ptm/m/n/12 al-thca-re in-ter-net of
 []


Underfull \hbox (badness 7468) in paragraph at lines 313--313
\T1/ptm/m/n/12 things for pan-cre-a-tic
 []


Underfull \hbox (badness 10000) in paragraph at lines 314--314
[]|\T1/ptm/m/n/12 CNN + GWO
 []


Underfull \hbox (badness 10000) in paragraph at lines 314--314
\T1/ptm/m/n/12 se-ba-gai op-ti-ma-
 []


Underfull \hbox (badness 10000) in paragraph at lines 314--314
\T1/ptm/m/n/12 si bo-bot lo-kal
 []


Underfull \hbox (badness 10000) in paragraph at lines 314--315
[]|\T1/ptm/m/n/12 Memilih bo-bot
 []


Underfull \hbox (badness 10000) in paragraph at lines 314--315
\T1/ptm/m/n/12 se-be-lum di-ki-rim
 []


Underfull \hbox (badness 10000) in paragraph at lines 314--315
\T1/ptm/m/n/12 meng-gu-nak-an
 []


Underfull \hbox (badness 2538) in paragraph at lines 314--315
\T1/ptm/m/n/12 FL+GWO meng-ha-
 []


Underfull \hbox (badness 1701) in paragraph at lines 314--315
\T1/ptm/m/n/12 silk-an aku-ra-si 98.9
 []


Underfull \hbox (badness 1527) in paragraph at lines 314--315
\T1/ptm/m/n/12 pa-da da-ta-set tu-mor
 []


Underfull \hbox (badness 5519) in paragraph at lines 318--318
[]|\T1/ptm/m/n/12 Meta-heuristic fe-de-ra-
 []


Underfull \hbox (badness 3780) in paragraph at lines 318--318
\T1/ptm/m/n/12 ted le-ar-ning ag-gre-ga-
 []


Underfull \hbox (badness 10000) in paragraph at lines 319--319
[]|\T1/ptm/m/n/12 FL dan LS-TM
 []


Underfull \hbox (badness 3199) in paragraph at lines 319--319
\T1/ptm/m/n/12 de-ngan 3 me-ta-
 []


Underfull \hbox (badness 10000) in paragraph at lines 319--319
\T1/ptm/m/n/12 he-u-ris-tik ya-i-tu
 []


Underfull \hbox (badness 10000) in paragraph at lines 319--319
\T1/ptm/m/n/12 GWO, PSO
 []


Underfull \hbox (badness 5359) in paragraph at lines 319--319
\T1/ptm/m/n/12 dan FFA un-tuk
 []


Underfull \hbox (badness 10000) in paragraph at lines 319--319
\T1/ptm/m/n/12 pe-nye-su-a-i-an
 []


Underfull \hbox (badness 10000) in paragraph at lines 319--319
\T1/ptm/m/n/12 hyper-pa-ra-me-ter
 []


Underfull \hbox (badness 10000) in paragraph at lines 319--320
\T1/ptm/m/n/12 meng-ha-silk-an aku-
 []


Underfull \hbox (badness 3954) in paragraph at lines 319--320
\T1/ptm/m/n/12 ra-si ter-ba-ik di-ban-
 []


Underfull \hbox (badness 10000) in paragraph at lines 319--320
\T1/ptm/m/n/12 dingk-an FL+PSO
 []


Underfull \hbox (badness 10000) in paragraph at lines 319--320
\T1/ptm/m/n/12 dan FL+FFA, pe-
 []


Underfull \hbox (badness 10000) in paragraph at lines 319--320
\T1/ptm/m/n/12 ning-kat-an 23.6%
 []


Underfull \hbox (badness 4467) in paragraph at lines 319--320
\T1/ptm/m/n/12 di-ban-ding Fe-dA-VG
 []

[11]) (./bab3.tex

[12]

[13]
BAB III.
<figures/dl_skenario.png, id=651, 744.7825pt x 319.1925pt>
File: figures/dl_skenario.png Graphic file (type png)
<use figures/dl_skenario.png>
Package pdftex.def Info: figures/dl_skenario.png  used on input line 8.
(pdftex.def)             Requested size: 398.3386pt x 170.72002pt.


[14

]
<figures/dl_skin.jpeg, id=665, 646.415pt x 303.1325pt>
File: figures/dl_skin.jpeg Graphic file (type jpg)
<use figures/dl_skin.jpeg>
Package pdftex.def Info: figures/dl_skin.jpeg  used on input line 26.
(pdftex.def)             Requested size: 358.50229pt x 168.11563pt.


! LaTeX Error: Unknown float option `*'.

See the LaTeX manual or LaTeX Companion for explanation.
Type  H <return>  for immediate help.
 ...                                              
                                                  
l.34 \begin{figure}[ht*]
                        
Option `*' ignored and `p' used.

<figures/arsitektur_vgg.png, id=677, 1116.17pt x 235.88126pt>
File: figures/arsitektur_vgg.png Graphic file (type png)
<use figures/arsitektur_vgg.png>
Package pdftex.def Info: figures/arsitektur_vgg.png  used on input line 36.
(pdftex.def)             Requested size: 398.3386pt x 84.17934pt.


[15 <./figures/dl_skenario.png>]

[16 <./figures/dl_skin.jpeg> <./figures/arsitektur_vgg.png>]

! LaTeX Error: \mathbf allowed only in math mode.

See the LaTeX manual or LaTeX Companion for explanation.
Type  H <return>  for immediate help.
 ...                                              
                                                  
l.49 ...volusi menggunakan himpunan kernel \mathbf
                                                  {W}^{(\ell)} \in \mathbb{R...

You're in trouble here.  Try typing  <return>  to proceed.
If that doesn't work, type  X <return>  to quit.

! Missing $ inserted.
<inserted text> 
                $
l.49 ...si menggunakan himpunan kernel \mathbf{W}^
                                                  {(\ell)} \in \mathbb{R}^{K...
I've inserted a begin-math/end-math symbol since I think
you left one out. Proceed, with fingers crossed.

! Missing $ inserted.
<inserted text> 
                $
l.50 dengan $K_
               h = K_w = 3$ menyatakan tinggi dan lebar kernel, $C^{(\ell-1)...
I've inserted a begin-math/end-math symbol since I think
you left one out. Proceed, with fingers crossed.



[17]
! Misplaced alignment tab character &.
l.110     i &
             \in \{1,\dots,H^{(\ell+1)}\},
I can't figure out why you would want to use a tab mark
here. If you just want an ampersand, the remedy is
simple: Just type `I\&' now. But if some right brace
up above has ended a previous alignment prematurely,
you're probably due for more error messages, and you
might try typing `S' now just to see what is salvageable.

! Missing $ inserted.
<inserted text> 
                $
l.110     i &\in
                 \{1,\dots,H^{(\ell+1)}\},
I've inserted a begin-math/end-math symbol since I think
you left one out. Proceed, with fingers crossed.

! Misplaced alignment tab character &.
l.111     j &
             \in \{1,\dots,W^{(\ell+1)}\}, dan
I can't figure out why you would want to use a tab mark
here. If you just want an ampersand, the remedy is
simple: Just type `I\&' now. But if some right brace
up above has ended a previous alignment prematurely,
you're probably due for more error messages, and you
might try typing `S' now just to see what is salvageable.

! Misplaced alignment tab character &.
l.112     c &
             \in \{1,\dots,C^{(\ell)}\}.
I can't figure out why you would want to use a tab mark
here. If you just want an ampersand, the remedy is
simple: Just type `I\&' now. But if some right brace
up above has ended a previous alignment prematurely,
you're probably due for more error messages, and you
might try typing `S' now just to see what is salvageable.

! Missing $ inserted.
<inserted text> 
                $
l.113 
      
I've inserted a begin-math/end-math symbol since I think
you left one out. Proceed, with fingers crossed.



[18]

[19]

! LaTeX Error: Unknown float option `*'.

See the LaTeX manual or LaTeX Companion for explanation.
Type  H <return>  for immediate help.
 ...                                              
                                                  
l.235 \begin{figure}[ht*]
                         
Option `*' ignored and `p' used.

<figures/arsitektur_mobilenet.png, id=750, 910.40125pt x 198.7425pt>
File: figures/arsitektur_mobilenet.png Graphic file (type png)
<use figures/arsitektur_mobilenet.png>
Package pdftex.def Info: figures/arsitektur_mobilenet.png  used on input line 2
37.
(pdftex.def)             Requested size: 398.3386pt x 86.95871pt.

! LaTeX Error: Unknown float option `*'.

See the LaTeX manual or LaTeX Companion for explanation.
Type  H <return>  for immediate help.
 ...                                              
                                                  
l.242 \begin{figure}[ht*]
                         
Option `*' ignored and `p' used.

<figures/mobilenet_dwconv.png, id=751, 190.7125pt x 130.4875pt>
File: figures/mobilenet_dwconv.png Graphic file (type png)
<use figures/mobilenet_dwconv.png>
Package pdftex.def Info: figures/mobilenet_dwconv.png  used on input line 244.
(pdftex.def)             Requested size: 99.58464pt x 68.13661pt.


[20]

[21 <./figures/arsitektur_mobilenet.png> <./figures/mobilenet_dwconv.png>]

[22]

! LaTeX Error: Unknown float option `*'.

See the LaTeX manual or LaTeX Companion for explanation.
Type  H <return>  for immediate help.
 ...                                              
                                                  
l.354 \begin{table}[ht*]
                        
Option `*' ignored and `p' used.



[23]

[24]

! LaTeX Error: Unknown float option `*'.

See the LaTeX manual or LaTeX Companion for explanation.
Type  H <return>  for immediate help.
 ...                                              
                                                  
l.450  \begin{figure}[ht*]
                          
Option `*' ignored and `p' used.

<figures/arsitektur_efficientnet.png, id=819, 1105.12875pt x 377.41pt>
File: figures/arsitektur_efficientnet.png Graphic file (type png)
<use figures/arsitektur_efficientnet.png>
Package pdftex.def Info: figures/arsitektur_efficientnet.png  used on input lin
e 452.
(pdftex.def)             Requested size: 398.3386pt x 136.0345pt.


[25]

[26 <./figures/arsitektur_efficientnet.png>]

[27]
<figures/arsitektur_tab.png, id=862, 516.93124pt x 857.2025pt>
File: figures/arsitektur_tab.png Graphic file (type png)
<use figures/arsitektur_tab.png>
Package pdftex.def Info: figures/arsitektur_tab.png  used on input line 572.
(pdftex.def)             Requested size: 159.333pt x 264.21277pt.


[28]

[29 <./figures/arsitektur_tab.png>]

[30]

[31]

[32]

[33]

! LaTeX Error: Unknown float option `*'.

See the LaTeX manual or LaTeX Companion for explanation.
Type  H <return>  for immediate help.
 ...                                              
                                                  
l.905 \begin{figure}[ht*]
                         
Option `*' ignored and `p' used.

<figures/arsitektur_server_fl.png, id=942, 585.18625pt x 397.485pt>
File: figures/arsitektur_server_fl.png Graphic file (type png)
<use figures/arsitektur_server_fl.png>
Package pdftex.def Info: figures/arsitektur_server_fl.png  used on input line 9
07.
(pdftex.def)             Requested size: 318.67209pt x 216.4643pt.


[34]

[35 <./figures/arsitektur_server_fl.png>]

! LaTeX Error: Unknown float option `*'.

See the LaTeX manual or LaTeX Companion for explanation.
Type  H <return>  for immediate help.
 ...                                              
                                                  
l.962 \begin{algorithm}[ht*]
                            
Option `*' ignored and `p' used.

Package hyperref Info: bookmark level for unknown algorithm defaults to 0 on in
put line 963.
! Missing { inserted.
<to be read again> 
                   ^
l.970     Bobot global akhir $W^{T} = \{ w_^
                                            {T}, b_^{T} \}$,
A left brace was mandatory here, so I've put one in.
You might want to delete and/or insert some corrections
so that I will find a matching right brace soon.
(If you're confused by all this, try typing `I}' now.)

! Missing { inserted.
<to be read again> 
                   ^
l.970 ...obot global akhir $W^{T} = \{ w_^{T}, b_^
                                                  {T} \}$,
A left brace was mandatory here, so I've put one in.
You might want to delete and/or insert some corrections
so that I will find a matching right brace soon.
(If you're confused by all this, try typing `I}' now.)

! Missing } inserted.
<inserted text> 
                }
l.970 ...obal akhir $W^{T} = \{ w_^{T}, b_^{T} \}$
                                                  ,
I've inserted something that you may have forgotten.
(See the <inserted text> above.)
With luck, this will get me unwedged. But if you
really didn't forget anything, try typing `2' now; then
my insertion and my current dilemma will both disappear.

! Missing } inserted.
<inserted text> 
                }
l.970 ...obal akhir $W^{T} = \{ w_^{T}, b_^{T} \}$
                                                  ,
I've inserted something that you may have forgotten.
(See the <inserted text> above.)
With luck, this will get me unwedged. But if you
really didn't forget anything, try typing `2' now; then
my insertion and my current dilemma will both disappear.

! Extra }, or forgotten $.
l.971 ...engan $W^{T} \in \mathbb{R}^{d} \times d}
                                                  $ dan $b^{T} \in \mathbb{R...
I've deleted a group-closing symbol because it seems to be
spurious, as in `$x}$'. But perhaps the } is legitimate and
you forgot something else, as in `\hbox{$x}'. In such cases
the way to recover is to insert both the forgotten and the
deleted material, e.g., by typing `I$}'.



[36]

[37]

[38]

[39]

[40]

! LaTeX Error: \begin{enumerate} on input line 1215 ended by \end{itemize}.

See the LaTeX manual or LaTeX Companion for explanation.
Type  H <return>  for immediate help.
 ...                                              
                                                  
l.1222 \end{itemize}
                    
Your command was ignored.
Type  I <command> <return>  to replace it with another command,
or  <return>  to continue without it.



[41]

[42]
Runaway argument?
{eq:precision_multi, Persamaan \ref {eq:recall_multi} dan Persamaan \ref \ETC.
! Paragraph ended before \T@ref was complete.
<to be read again> 
                   \par 
l.1330 
       
I suspect you've forgotten a `}', causing me to apply this
control sequence to too much text. How can we recover?
My plan is to forget the whole thing and hope for the best.

! Missing $ inserted.
<inserted text> 
                $
l.1361 dimana TP_
                 i, FP_i, FN_i \in \mathbb{N}, \quad C \ge 2, \(i = 1, 2, \l...
I've inserted a begin-math/end-math symbol since I think
you left one out. Proceed, with fingers crossed.


! LaTeX Error: Bad math environment delimiter.

See the LaTeX manual or LaTeX Companion for explanation.
Type  H <return>  for immediate help.
 ...                                              
                                                  
l.1361 ..., FN_i \in \mathbb{N}, \quad C \ge 2, \(
                                                  i = 1, 2, \ldots, C\).
Your command was ignored.
Type  I <command> <return>  to replace it with another command,
or  <return>  to continue without it.

LaTeX Font Info:    Trying to load font information for TS1+ptm on input line 1
364.
(/usr/local/texlive/2025/texmf-dist/tex/latex/psnfss/ts1ptm.fd
File: ts1ptm.fd 2001/06/04 font definitions for TS1/ptm.
)

[43]
! Misplaced alignment tab character &.
l.1390     \text{FPR}_{c_i}(t) &
                                = \frac{\text{FP}_{c_i}(t)}{\text{FP}_{c_i}(...
I can't figure out why you would want to use a tab mark
here. If you just want an ampersand, the remedy is
simple: Just type `I\&' now. But if some right brace
up above has ended a previous alignment prematurely,
you're probably due for more error messages, and you
might try typing `S' now just to see what is salvageable.

! Missing $ inserted.
<inserted text> 
                $
l.1394 \text{TP}_
                 {c_i}, \text{FP}_{c_i}, \text{TN}_{c_i}, \text{FN}_{c_i} \i...
I've inserted a begin-math/end-math symbol since I think
you left one out. Proceed, with fingers crossed.

! Missing $ inserted.
<inserted text> 
                $
l.1395 
       
I've inserted a begin-math/end-math symbol since I think
you left one out. Proceed, with fingers crossed.



[44]) (./bab4.tex

[45]
BAB IV.
<figures/alur_umum_usulan.png, id=1126, 737.75626pt x 484.81125pt>
File: figures/alur_umum_usulan.png Graphic file (type png)
<use figures/alur_umum_usulan.png>
Package pdftex.def Info: figures/alur_umum_usulan.png  used on input line 6.
(pdftex.def)             Requested size: 398.3386pt x 261.76457pt.


[46

 <./figures/alur_umum_usulan.png>]

[47]

[48]
Overfull \hbox (16.71779pt too wide) in paragraph at lines 97--114
 [][] 
 []



[49]

[50]

[51]

[52]

! LaTeX Error: Unknown float option `*'.

See the LaTeX manual or LaTeX Companion for explanation.
Type  H <return>  for immediate help.
 ...                                              
                                                  
l.279     \begin{algorithm}[ht*]
                                
Option `*' ignored and `p' used.

! Undefined control sequence.
l.313 ...h}} \in \mathbb{R}^{H \times W}$ \comment
                                                  {dimana $\bullet$ adalah o...
The control sequence at the end of the top line
of your error message was never \def'ed. If you have
misspelled it (e.g., `\hobx'), type `I' and the correct
spelling (e.g., `I\hbox'). Otherwise just continue,
and I'll forget about whatever was undefined.

<figures/skin_with_hair.png, id=1209, 398.99063pt x 286.06876pt>
File: figures/skin_with_hair.png Graphic file (type png)
<use figures/skin_with_hair.png>
Package pdftex.def Info: figures/skin_with_hair.png  used on input line 397.
(pdftex.def)             Requested size: 199.1693pt x 142.79831pt.


[53]

[54]
<figures/skin_wo_hair.png, id=1222, 397.485pt x 285.31593pt>
File: figures/skin_wo_hair.png Graphic file (type png)
<use figures/skin_wo_hair.png>
Package pdftex.def Info: figures/skin_wo_hair.png  used on input line 406.
(pdftex.def)             Requested size: 199.1693pt x 142.9667pt.


[55 <./figures/skin_with_hair.png> <./figures/skin_wo_hair.png>]

[56]

[57]

[58]

[59]

Package natbib Warning: Citation `Chawla2002' on page 60 undefined on input lin
e 799.


Overfull \hbox (9.98488pt too wide) in paragraph at lines 810--824
 [][] 
 []



[60]
! Extra alignment tab has been changed to \cr.
<template> ... width\arrayrulewidth }\endtemplate 
                                                  
l.841           &
                      &    Weight Decay = $1 \times 10^{-5}$ \\ \hline
You have given more \span or & marks than there were
in the preamble to the \halign or \valign now in progress.
So I'll assume that you meant to type \cr instead.


Overfull \hbox (41.72246pt too wide) in paragraph at lines 831--846
 [][] 
 []


Overfull \hbox (2.1336pt too wide) in paragraph at lines 853--865
 [][] 
 []



[61]

[62]
Underfull \hbox (badness 2065) in paragraph at lines 941--946
[]\T1/ptm/m/n/12 Algoritma \T1/ptm/m/it/12 Sof-tma-xMap \T1/ptm/m/n/12 di-gu-na
k-an un-tuk meng-u-bah vek-tor be-bas $\OT1/cmr/bx/n/12 z \OT1/cmr/m/n/12 =
 []



[63]

[64]

[65]
Overfull \hbox (33.15822pt too wide) in paragraph at lines 1071--1072
[]\T1/ptm/b/n/12 Eva-lu-a-si awal: $\OML/cmm/m/it/12 f[] \OMS/cmsy/m/n/12   []\
OT1/cmr/m/n/12 (\OT1/cmr/bx/n/12 z[]\OML/cmm/m/it/12 ; \OT1/cmr/bx/n/12 W\OML/c
mm/m/it/12 ; \OT1/cmr/bx/n/12 D[]\OT1/cmr/m/n/12 )$ 
 []


Overfull \hbox (37.83348pt too wide) in paragraph at lines 1085--1086
[] \T1/ptm/b/n/12 Eva-lu-a-si: $\OML/cmm/m/it/12 f[] \OMS/cmsy/m/n/12   []\OT1/
cmr/m/n/12 (\OT1/cmr/bx/n/12 z[]\OML/cmm/m/it/12 ; \OT1/cmr/bx/n/12 W\OML/cmm/m
/it/12 ; \OT1/cmr/bx/n/12 D[]\OT1/cmr/m/n/12 ) \OMS/cmsy/m/n/12 8\OML/cmm/m/it/
12 i$ 
 []


Underfull \hbox (badness 10000) in paragraph at lines 1088--1089
[]\T1/ptm/b/n/12 Ke-lu-ar-an: $\OT1/cmr/bx/n/12 p[] \OMS/cmsy/m/n/12   []\OT1/c
mr/m/n/12 (\OT1/cmr/bx/n/12 z[]\OT1/cmr/m/n/12 ; \OML/cmm/m/it/12 ^^\[]\OT1/cmr
/m/n/12 1)$\T1/ptm/m/n/12 ,  $\OML/cmm/m/it/12 f[] \OMS/cmsy/m/n/12  
 []



[66]

[67]
Underfull \hbox (badness 10000) in paragraph at lines 1121--1122
[]\T1/ptm/b/n/12 Eva-lu-a-si awal: \T1/ptm/m/n/12 un-tuk $\OML/cmm/m/it/12 i \O
T1/cmr/m/n/12 = 1\OML/cmm/m/it/12 ; [] ; N[]$\T1/ptm/m/n/12 , hi-tung $\OML/cmm
/m/it/12 f[] \OMS/cmsy/m/n/12  
 []

LaTeX Font Info:    Font shape `U/lasy/b/n' in size <8> not available
(Font)              Font shape `U/lasy/m/n' tried instead on input line 1138.
LaTeX Font Info:    Font shape `U/lasy/b/n' in size <6> not available
(Font)              Font shape `U/lasy/m/n' tried instead on input line 1138.

Underfull \hbox (badness 7468) in paragraph at lines 1144--1145
[] \T1/ptm/b/n/12 Eva-lu-a-si \T1/ptm/b/it/12 offsp-ring\T1/ptm/b/n/12 : \T1/pt
m/m/n/12 un-tuk se-ti-ap anak $\OML/cmm/m/it/12 j$\T1/ptm/m/n/12 , hi-tung $\OM
L/cmm/m/it/12 f[] \OMS/cmsy/m/n/12  
 []



[68]

[69]

[70]

[71]

[72]

[73]
Underfull \hbox (badness 10000) in paragraph at lines 1394--1395
[]|\T1/ptm/m/n/12 Dataset HAM10000
 []


Underfull \hbox (badness 10000) in paragraph at lines 1400--1401
[]|\T1/ptm/m/n/12 Klasifikasi da-ta-set
 []


Underfull \hbox (badness 10000) in paragraph at lines 1400--1401
\T1/ptm/m/n/12 HAM10000 de-ngan
 []


Underfull \hbox (badness 10000) in paragraph at lines 1404--1405
[]|\T1/ptm/m/n/12 FL de-ngan da-ta-set
 []


Underfull \hbox (badness 10000) in paragraph at lines 1404--1405
\T1/ptm/m/n/12 HAM10000 de-ngan
 []


Underfull \hbox (badness 10000) in paragraph at lines 1408--1409
[]|\T1/ptm/m/n/12 HAM10000 de-ngan
 []


Underfull \hbox (badness 10000) in paragraph at lines 1416--1417
[]|\T1/ptm/m/n/12 FL de-ngan aku-ra-si
 []


Underfull \hbox (badness 6978) in paragraph at lines 1416--1417
\T1/ptm/m/n/12 90,02% pa-da da-ta-set
 []


Underfull \hbox (badness 10000) in paragraph at lines 1420--1421
[]|\T1/ptm/m/n/12 FL de-ngan aku-ra-si
 []


Underfull \hbox (badness 10000) in paragraph at lines 1420--1421
\T1/ptm/m/n/12 88,6% pa-da da-ta-set
 []


Underfull \hbox (badness 1648) in paragraph at lines 1420--1421
\T1/ptm/m/n/12 CDC Di-a-be-tes He-al-th
 []


Underfull \hbox (badness 1072) in paragraph at lines 1456--1456
[]|\T1/ptm/m/n/12 Penulisan draft ar-ti-kel
 []


Underfull \hbox (badness 4660) in paragraph at lines 1464--1464
[]|\T1/ptm/m/n/12 Bimbingan dan Kon-
 []


Overfull \hbox (35.7557pt too wide) in paragraph at lines 1440--1475
 [][] 
 []

)

[74]

[75] (./daftarpustaka.tex (./disertasi.bbl

[76


]

[77]

[78]

[79]
Underfull \hbox (badness 1221) in paragraph at lines 276--279
[]\T1/ptm/m/n/12 Lecun, Y., Be-ngio, Y., dan Hin-ton, G. (2015).  De-ep le-ar-n
ing.  \T1/ptm/m/it/12 Na-tu-re\T1/ptm/m/n/12 ,
 []



[80]

[81]

[82]
! Misplaced alignment tab character &.
l.479 \newblock {\em Biomedical Materials &
                                           amp; Devices}, 4(1):921935.
I can't figure out why you would want to use a tab mark
here. If you just want an ampersand, the remedy is
simple: Just type `I\&' now. But if some right brace
up above has ended a previous alignment prematurely,
you're probably due for more error messages, and you
might try typing `S' now just to see what is salvageable.



[83]

[84]
! Misplaced alignment tab character &.
l.571 \newblock {\em Chaos, Solitons &
                                      amp; Fractals}, 201:117056.
I can't figure out why you would want to use a tab mark
here. If you just want an ampersand, the remedy is
simple: Just type `I\&' now. But if some right brace
up above has ended a previous alignment prematurely,
you're probably due for more error messages, and you
might try typing `S' now just to see what is salvageable.



[85]))

Package natbib Warning: There were undefined citations.



[86] (./disertasi.aux)
 ***********
LaTeX2e <2024-11-01> patch level 2
L3 programming layer <2025-01-18>
 ***********


LaTeX Warning: There were multiply-defined labels.

Package rerunfilecheck Info: File `disertasi.out' has not changed.
(rerunfilecheck)             Checksum: 67ABF1A2854EAE86853C909ABAA3F028;7804.
 ) 
Here is how much of TeX's memory you used:
 31117 strings out of 473190
 567541 string characters out of 5715800
 1099062 words of memory out of 5000000
 53310 multiletter control sequences out of 15000+600000
 614741 words of font info for 97 fonts, out of 8000000 for 9000
 1142 hyphenation exceptions out of 8191
 125i,14n,121p,1788b,751s stack positions out of 10000i,1000n,20000p,200000b,200000s
</usr/local/texlive/2025/texmf-dist/fonts/type1/public/amsfonts/cm/cmbx12.pfb
></usr/local/texlive/2025/texmf-dist/fonts/type1/public/amsfonts/cm/cmbx8.pfb><
/usr/local/texlive/2025/texmf-dist/fonts/type1/public/amsfonts/cm/cmex10.pfb></
usr/local/texlive/2025/texmf-dist/fonts/type1/public/amsfonts/cm/cmmi12.pfb></u
sr/local/texlive/2025/texmf-dist/fonts/type1/public/amsfonts/cm/cmmi6.pfb></usr
/local/texlive/2025/texmf-dist/fonts/type1/public/amsfonts/cm/cmmi8.pfb></usr/l
ocal/texlive/2025/texmf-dist/fonts/type1/public/amsfonts/cm/cmmib10.pfb></usr/l
ocal/texlive/2025/texmf-dist/fonts/type1/public/amsfonts/cm/cmr12.pfb></usr/loc
al/texlive/2025/texmf-dist/fonts/type1/public/amsfonts/cm/cmr6.pfb></usr/local/
texlive/2025/texmf-dist/fonts/type1/public/amsfonts/cm/cmr8.pfb></usr/local/tex
live/2025/texmf-dist/fonts/type1/public/amsfonts/cm/cmsy10.pfb></usr/local/texl
ive/2025/texmf-dist/fonts/type1/public/amsfonts/cm/cmsy6.pfb></usr/local/texliv
e/2025/texmf-dist/fonts/type1/public/amsfonts/cm/cmsy8.pfb></usr/local/texlive/
2025/texmf-dist/fonts/type1/public/amsfonts/symbols/msbm10.pfb></usr/local/texl
ive/2025/texmf-dist/fonts/type1/urw/times/utmb8a.pfb></usr/local/texlive/2025/t
exmf-dist/fonts/type1/urw/times/utmb8a.pfb></usr/local/texlive/2025/texmf-dist/
fonts/type1/urw/times/utmbi8a.pfb></usr/local/texlive/2025/texmf-dist/fonts/typ
e1/urw/times/utmr8a.pfb></usr/local/texlive/2025/texmf-dist/fonts/type1/urw/tim
es/utmri8a.pfb>
Output written on disertasi.pdf (98 pages, 1950194 bytes).
PDF statistics:
 1683 PDF objects out of 1728 (max. 8388607)
 1508 compressed objects within 16 object streams
 464 named destinations out of 1000 (max. 500000)
 481 words of extra memory for PDF output out of 10000 (max. 10000000)

